CRITICAL - 2023-03-20 01:03:28 --> include(../styles/home.css): Failed to open stream: No such file or directory
in APPPATH/Views/home.php on line 12.
 1 APPPATH/Views/home.php(12): CodeIgniter\Debug\Exceptions->errorHandler()
 2 APPPATH/Views/home.php(12): include()
 3 SYSTEMPATH/View/View.php(213): include('/opt/lampp/htdocs/portafolioLeonel/app/Views/home.php')
 4 SYSTEMPATH/View/View.php(216): CodeIgniter\View\View->CodeIgniter\View\{closure}()
 5 SYSTEMPATH/Common.php(1184): CodeIgniter\View\View->render()
 6 APPPATH/Controllers/Home.php(9): view()
 7 SYSTEMPATH/CodeIgniter.php(934): App\Controllers\Home->index()
 8 SYSTEMPATH/CodeIgniter.php(499): CodeIgniter\CodeIgniter->runController()
 9 SYSTEMPATH/CodeIgniter.php(368): CodeIgniter\CodeIgniter->handleRequest()
10 FCPATH/index.php(67): CodeIgniter\CodeIgniter->run()
11 SYSTEMPATH/Commands/Server/rewrite.php(47): require_once('/opt/lampp/htdocs/portafolioLeonel/public/index.php')
CRITICAL - 2023-03-20 01:03:52 --> include(../styles/home.css): Failed to open stream: No such file or directory
in APPPATH/Views/home.php on line 12.
 1 APPPATH/Views/home.php(12): CodeIgniter\Debug\Exceptions->errorHandler()
 2 APPPATH/Views/home.php(12): include()
 3 SYSTEMPATH/View/View.php(213): include('/opt/lampp/htdocs/portafolioLeonel/app/Views/home.php')
 4 SYSTEMPATH/View/View.php(216): CodeIgniter\View\View->CodeIgniter\View\{closure}()
 5 SYSTEMPATH/Common.php(1184): CodeIgniter\View\View->render()
 6 APPPATH/Controllers/Home.php(9): view()
 7 SYSTEMPATH/CodeIgniter.php(934): App\Controllers\Home->index()
 8 SYSTEMPATH/CodeIgniter.php(499): CodeIgniter\CodeIgniter->runController()
 9 SYSTEMPATH/CodeIgniter.php(368): CodeIgniter\CodeIgniter->handleRequest()
10 FCPATH/index.php(67): CodeIgniter\CodeIgniter->run()
11 SYSTEMPATH/Commands/Server/rewrite.php(47): require_once('/opt/lampp/htdocs/portafolioLeonel/public/index.php')
CRITICAL - 2023-03-20 01:04:13 --> include(../styles/home.css): Failed to open stream: No such file or directory
in APPPATH/Views/home.php on line 11.
 1 APPPATH/Views/home.php(11): CodeIgniter\Debug\Exceptions->errorHandler()
 2 APPPATH/Views/home.php(11): include()
 3 SYSTEMPATH/View/View.php(213): include('/opt/lampp/htdocs/portafolioLeonel/app/Views/home.php')
 4 SYSTEMPATH/View/View.php(216): CodeIgniter\View\View->CodeIgniter\View\{closure}()
 5 SYSTEMPATH/Common.php(1184): CodeIgniter\View\View->render()
 6 APPPATH/Controllers/Home.php(9): view()
 7 SYSTEMPATH/CodeIgniter.php(934): App\Controllers\Home->index()
 8 SYSTEMPATH/CodeIgniter.php(499): CodeIgniter\CodeIgniter->runController()
 9 SYSTEMPATH/CodeIgniter.php(368): CodeIgniter\CodeIgniter->handleRequest()
10 FCPATH/index.php(67): CodeIgniter\CodeIgniter->run()
11 SYSTEMPATH/Commands/Server/rewrite.php(47): require_once('/opt/lampp/htdocs/portafolioLeonel/public/index.php')
CRITICAL - 2023-03-20 01:04:37 --> include(../styles/home.css): Failed to open stream: No such file or directory
in APPPATH/Views/home.php on line 11.
 1 APPPATH/Views/home.php(11): CodeIgniter\Debug\Exceptions->errorHandler()
 2 APPPATH/Views/home.php(11): include()
 3 SYSTEMPATH/View/View.php(213): include('/opt/lampp/htdocs/portafolioLeonel/app/Views/home.php')
 4 SYSTEMPATH/View/View.php(216): CodeIgniter\View\View->CodeIgniter\View\{closure}()
 5 SYSTEMPATH/Common.php(1184): CodeIgniter\View\View->render()
 6 APPPATH/Controllers/Home.php(9): view()
 7 SYSTEMPATH/CodeIgniter.php(934): App\Controllers\Home->index()
 8 SYSTEMPATH/CodeIgniter.php(499): CodeIgniter\CodeIgniter->runController()
 9 SYSTEMPATH/CodeIgniter.php(368): CodeIgniter\CodeIgniter->handleRequest()
10 FCPATH/index.php(67): CodeIgniter\CodeIgniter->run()
11 SYSTEMPATH/Commands/Server/rewrite.php(47): require_once('/opt/lampp/htdocs/portafolioLeonel/public/index.php')
CRITICAL - 2023-03-20 01:05:05 --> include(../styles/home.css): Failed to open stream: No such file or directory
in APPPATH/Views/components/nav.php on line 2.
 1 APPPATH/Views/components/nav.php(2): CodeIgniter\Debug\Exceptions->errorHandler()
 2 APPPATH/Views/components/nav.php(2): include()
 3 APPPATH/Views/home.php(14): require('/opt/lampp/htdocs/portafolioLeonel/app/Views/components/nav.php')
 4 SYSTEMPATH/View/View.php(213): include('/opt/lampp/htdocs/portafolioLeonel/app/Views/home.php')
 5 SYSTEMPATH/View/View.php(216): CodeIgniter\View\View->CodeIgniter\View\{closure}()
 6 SYSTEMPATH/Common.php(1184): CodeIgniter\View\View->render()
 7 APPPATH/Controllers/Home.php(9): view()
 8 SYSTEMPATH/CodeIgniter.php(934): App\Controllers\Home->index()
 9 SYSTEMPATH/CodeIgniter.php(499): CodeIgniter\CodeIgniter->runController()
10 SYSTEMPATH/CodeIgniter.php(368): CodeIgniter\CodeIgniter->handleRequest()
11 FCPATH/index.php(67): CodeIgniter\CodeIgniter->run()
12 SYSTEMPATH/Commands/Server/rewrite.php(47): require_once('/opt/lampp/htdocs/portafolioLeonel/public/index.php')
CRITICAL - 2023-03-20 01:19:32 --> include(../styles/homeCss.php): Failed to open stream: No such file or directory
in APPPATH/Views/home.php on line 11.
 1 APPPATH/Views/home.php(11): CodeIgniter\Debug\Exceptions->errorHandler()
 2 APPPATH/Views/home.php(11): include()
 3 SYSTEMPATH/View/View.php(213): include('/opt/lampp/htdocs/portafolioLeonel/app/Views/home.php')
 4 SYSTEMPATH/View/View.php(216): CodeIgniter\View\View->CodeIgniter\View\{closure}()
 5 SYSTEMPATH/Common.php(1184): CodeIgniter\View\View->render()
 6 APPPATH/Controllers/Home.php(9): view()
 7 SYSTEMPATH/CodeIgniter.php(934): App\Controllers\Home->index()
 8 SYSTEMPATH/CodeIgniter.php(499): CodeIgniter\CodeIgniter->runController()
 9 SYSTEMPATH/CodeIgniter.php(368): CodeIgniter\CodeIgniter->handleRequest()
10 FCPATH/index.php(67): CodeIgniter\CodeIgniter->run()
11 SYSTEMPATH/Commands/Server/rewrite.php(47): require_once('/opt/lampp/htdocs/portafolioLeonel/public/index.php')
CRITICAL - 2023-03-20 01:21:34 --> include(../styles/homeCss.php): Failed to open stream: No such file or directory
in APPPATH/Views/home.php on line 11.
 1 APPPATH/Views/home.php(11): CodeIgniter\Debug\Exceptions->errorHandler()
 2 APPPATH/Views/home.php(11): include()
 3 SYSTEMPATH/View/View.php(213): include('/opt/lampp/htdocs/portafolioLeonel/app/Views/home.php')
 4 SYSTEMPATH/View/View.php(216): CodeIgniter\View\View->CodeIgniter\View\{closure}()
 5 SYSTEMPATH/Common.php(1184): CodeIgniter\View\View->render()
 6 APPPATH/Controllers/Home.php(9): view()
 7 SYSTEMPATH/CodeIgniter.php(934): App\Controllers\Home->index()
 8 SYSTEMPATH/CodeIgniter.php(499): CodeIgniter\CodeIgniter->runController()
 9 SYSTEMPATH/CodeIgniter.php(368): CodeIgniter\CodeIgniter->handleRequest()
10 FCPATH/index.php(67): CodeIgniter\CodeIgniter->run()
11 SYSTEMPATH/Commands/Server/rewrite.php(47): require_once('/opt/lampp/htdocs/portafolioLeonel/public/index.php')
CRITICAL - 2023-03-20 01:21:35 --> include(../styles/homeCss.php): Failed to open stream: No such file or directory
in APPPATH/Views/home.php on line 11.
 1 APPPATH/Views/home.php(11): CodeIgniter\Debug\Exceptions->errorHandler()
 2 APPPATH/Views/home.php(11): include()
 3 SYSTEMPATH/View/View.php(213): include('/opt/lampp/htdocs/portafolioLeonel/app/Views/home.php')
 4 SYSTEMPATH/View/View.php(216): CodeIgniter\View\View->CodeIgniter\View\{closure}()
 5 SYSTEMPATH/Common.php(1184): CodeIgniter\View\View->render()
 6 APPPATH/Controllers/Home.php(9): view()
 7 SYSTEMPATH/CodeIgniter.php(934): App\Controllers\Home->index()
 8 SYSTEMPATH/CodeIgniter.php(499): CodeIgniter\CodeIgniter->runController()
 9 SYSTEMPATH/CodeIgniter.php(368): CodeIgniter\CodeIgniter->handleRequest()
10 FCPATH/index.php(67): CodeIgniter\CodeIgniter->run()
11 SYSTEMPATH/Commands/Server/rewrite.php(47): require_once('/opt/lampp/htdocs/portafolioLeonel/public/index.php')
CRITICAL - 2023-03-20 01:24:34 --> include(../styles/homeCss.php): Failed to open stream: No such file or directory
in APPPATH/Views/home.php on line 11.
 1 APPPATH/Views/home.php(11): CodeIgniter\Debug\Exceptions->errorHandler()
 2 APPPATH/Views/home.php(11): include()
 3 SYSTEMPATH/View/View.php(213): include('/opt/lampp/htdocs/portafolioLeonel/app/Views/home.php')
 4 SYSTEMPATH/View/View.php(216): CodeIgniter\View\View->CodeIgniter\View\{closure}()
 5 SYSTEMPATH/Common.php(1184): CodeIgniter\View\View->render()
 6 APPPATH/Controllers/Home.php(9): view()
 7 SYSTEMPATH/CodeIgniter.php(934): App\Controllers\Home->index()
 8 SYSTEMPATH/CodeIgniter.php(499): CodeIgniter\CodeIgniter->runController()
 9 SYSTEMPATH/CodeIgniter.php(368): CodeIgniter\CodeIgniter->handleRequest()
10 FCPATH/index.php(67): CodeIgniter\CodeIgniter->run()
11 SYSTEMPATH/Commands/Server/rewrite.php(47): require_once('/opt/lampp/htdocs/portafolioLeonel/public/index.php')
CRITICAL - 2023-03-20 01:24:48 --> require(../styles/homeCss.php): Failed to open stream: No such file or directory
in APPPATH/Views/home.php on line 11.
 1 APPPATH/Views/home.php(11): CodeIgniter\Debug\Exceptions->errorHandler()
 2 APPPATH/Views/home.php(11): require()
 3 SYSTEMPATH/View/View.php(213): include('/opt/lampp/htdocs/portafolioLeonel/app/Views/home.php')
 4 SYSTEMPATH/View/View.php(216): CodeIgniter\View\View->CodeIgniter\View\{closure}()
 5 SYSTEMPATH/Common.php(1184): CodeIgniter\View\View->render()
 6 APPPATH/Controllers/Home.php(9): view()
 7 SYSTEMPATH/CodeIgniter.php(934): App\Controllers\Home->index()
 8 SYSTEMPATH/CodeIgniter.php(499): CodeIgniter\CodeIgniter->runController()
 9 SYSTEMPATH/CodeIgniter.php(368): CodeIgniter\CodeIgniter->handleRequest()
10 FCPATH/index.php(67): CodeIgniter\CodeIgniter->run()
11 SYSTEMPATH/Commands/Server/rewrite.php(47): require_once('/opt/lampp/htdocs/portafolioLeonel/public/index.php')
CRITICAL - 2023-03-20 01:24:49 --> require(../styles/homeCss.php): Failed to open stream: No such file or directory
in APPPATH/Views/home.php on line 11.
 1 APPPATH/Views/home.php(11): CodeIgniter\Debug\Exceptions->errorHandler()
 2 APPPATH/Views/home.php(11): require()
 3 SYSTEMPATH/View/View.php(213): include('/opt/lampp/htdocs/portafolioLeonel/app/Views/home.php')
 4 SYSTEMPATH/View/View.php(216): CodeIgniter\View\View->CodeIgniter\View\{closure}()
 5 SYSTEMPATH/Common.php(1184): CodeIgniter\View\View->render()
 6 APPPATH/Controllers/Home.php(9): view()
 7 SYSTEMPATH/CodeIgniter.php(934): App\Controllers\Home->index()
 8 SYSTEMPATH/CodeIgniter.php(499): CodeIgniter\CodeIgniter->runController()
 9 SYSTEMPATH/CodeIgniter.php(368): CodeIgniter\CodeIgniter->handleRequest()
10 FCPATH/index.php(67): CodeIgniter\CodeIgniter->run()
11 SYSTEMPATH/Commands/Server/rewrite.php(47): require_once('/opt/lampp/htdocs/portafolioLeonel/public/index.php')
CRITICAL - 2023-03-20 01:25:13 --> require(../styles/homeCss.php): Failed to open stream: No such file or directory
in APPPATH/Views/home.php on line 1.
 1 APPPATH/Views/home.php(1): CodeIgniter\Debug\Exceptions->errorHandler()
 2 APPPATH/Views/home.php(1): require()
 3 SYSTEMPATH/View/View.php(213): include('/opt/lampp/htdocs/portafolioLeonel/app/Views/home.php')
 4 SYSTEMPATH/View/View.php(216): CodeIgniter\View\View->CodeIgniter\View\{closure}()
 5 SYSTEMPATH/Common.php(1184): CodeIgniter\View\View->render()
 6 APPPATH/Controllers/Home.php(9): view()
 7 SYSTEMPATH/CodeIgniter.php(934): App\Controllers\Home->index()
 8 SYSTEMPATH/CodeIgniter.php(499): CodeIgniter\CodeIgniter->runController()
 9 SYSTEMPATH/CodeIgniter.php(368): CodeIgniter\CodeIgniter->handleRequest()
10 FCPATH/index.php(67): CodeIgniter\CodeIgniter->run()
11 SYSTEMPATH/Commands/Server/rewrite.php(47): require_once('/opt/lampp/htdocs/portafolioLeonel/public/index.php')
INFO - 2023-03-20 01:29:12 --> Session: Class initialized using 'CodeIgniter\Session\Handlers\FileHandler' driver.
CRITICAL - 2023-03-20 01:29:21 --> require(../styles/homeCss.php): Failed to open stream: No such file or directory
in APPPATH/Views/home.php on line 11.
 1 APPPATH/Views/home.php(11): CodeIgniter\Debug\Exceptions->errorHandler()
 2 APPPATH/Views/home.php(11): require()
 3 SYSTEMPATH/View/View.php(213): include('/opt/lampp/htdocs/portafolioLeonel/app/Views/home.php')
 4 SYSTEMPATH/View/View.php(216): CodeIgniter\View\View->CodeIgniter\View\{closure}()
 5 SYSTEMPATH/Common.php(1184): CodeIgniter\View\View->render()
 6 APPPATH/Controllers/Home.php(9): view()
 7 SYSTEMPATH/CodeIgniter.php(934): App\Controllers\Home->index()
 8 SYSTEMPATH/CodeIgniter.php(499): CodeIgniter\CodeIgniter->runController()
 9 SYSTEMPATH/CodeIgniter.php(368): CodeIgniter\CodeIgniter->handleRequest()
10 FCPATH/index.php(67): CodeIgniter\CodeIgniter->run()
11 SYSTEMPATH/Commands/Server/rewrite.php(47): require_once('/opt/lampp/htdocs/portafolioLeonel/public/index.php')
CRITICAL - 2023-03-20 01:29:56 --> require(./app/styles/homeCss.php): Failed to open stream: No such file or directory
in APPPATH/Views/home.php on line 11.
 1 APPPATH/Views/home.php(11): CodeIgniter\Debug\Exceptions->errorHandler()
 2 APPPATH/Views/home.php(11): require()
 3 SYSTEMPATH/View/View.php(213): include('/opt/lampp/htdocs/portafolioLeonel/app/Views/home.php')
 4 SYSTEMPATH/View/View.php(216): CodeIgniter\View\View->CodeIgniter\View\{closure}()
 5 SYSTEMPATH/Common.php(1184): CodeIgniter\View\View->render()
 6 APPPATH/Controllers/Home.php(9): view()
 7 SYSTEMPATH/CodeIgniter.php(934): App\Controllers\Home->index()
 8 SYSTEMPATH/CodeIgniter.php(499): CodeIgniter\CodeIgniter->runController()
 9 SYSTEMPATH/CodeIgniter.php(368): CodeIgniter\CodeIgniter->handleRequest()
10 FCPATH/index.php(67): CodeIgniter\CodeIgniter->run()
11 SYSTEMPATH/Commands/Server/rewrite.php(47): require_once('/opt/lampp/htdocs/portafolioLeonel/public/index.php')
CRITICAL - 2023-03-20 01:29:57 --> require(./app/styles/homeCss.php): Failed to open stream: No such file or directory
in APPPATH/Views/home.php on line 11.
 1 APPPATH/Views/home.php(11): CodeIgniter\Debug\Exceptions->errorHandler()
 2 APPPATH/Views/home.php(11): require()
 3 SYSTEMPATH/View/View.php(213): include('/opt/lampp/htdocs/portafolioLeonel/app/Views/home.php')
 4 SYSTEMPATH/View/View.php(216): CodeIgniter\View\View->CodeIgniter\View\{closure}()
 5 SYSTEMPATH/Common.php(1184): CodeIgniter\View\View->render()
 6 APPPATH/Controllers/Home.php(9): view()
 7 SYSTEMPATH/CodeIgniter.php(934): App\Controllers\Home->index()
 8 SYSTEMPATH/CodeIgniter.php(499): CodeIgniter\CodeIgniter->runController()
 9 SYSTEMPATH/CodeIgniter.php(368): CodeIgniter\CodeIgniter->handleRequest()
10 FCPATH/index.php(67): CodeIgniter\CodeIgniter->run()
11 SYSTEMPATH/Commands/Server/rewrite.php(47): require_once('/opt/lampp/htdocs/portafolioLeonel/public/index.php')
CRITICAL - 2023-03-20 01:30:38 --> require(homeCss.php): Failed to open stream: No such file or directory
in APPPATH/Views/home.php on line 11.
 1 APPPATH/Views/home.php(11): CodeIgniter\Debug\Exceptions->errorHandler()
 2 APPPATH/Views/home.php(11): require()
 3 SYSTEMPATH/View/View.php(213): include('/opt/lampp/htdocs/portafolioLeonel/app/Views/home.php')
 4 SYSTEMPATH/View/View.php(216): CodeIgniter\View\View->CodeIgniter\View\{closure}()
 5 SYSTEMPATH/Common.php(1184): CodeIgniter\View\View->render()
 6 APPPATH/Controllers/Home.php(9): view()
 7 SYSTEMPATH/CodeIgniter.php(934): App\Controllers\Home->index()
 8 SYSTEMPATH/CodeIgniter.php(499): CodeIgniter\CodeIgniter->runController()
 9 SYSTEMPATH/CodeIgniter.php(368): CodeIgniter\CodeIgniter->handleRequest()
10 FCPATH/index.php(67): CodeIgniter\CodeIgniter->run()
11 SYSTEMPATH/Commands/Server/rewrite.php(47): require_once('/opt/lampp/htdocs/portafolioLeonel/public/index.php')
CRITICAL - 2023-03-20 01:31:50 --> require(./components/nav.php): Failed to open stream: No such file or directory
in APPPATH/Views/home.php on line 11.
 1 APPPATH/Views/home.php(11): CodeIgniter\Debug\Exceptions->errorHandler()
 2 APPPATH/Views/home.php(11): require()
 3 SYSTEMPATH/View/View.php(213): include('/opt/lampp/htdocs/portafolioLeonel/app/Views/home.php')
 4 SYSTEMPATH/View/View.php(216): CodeIgniter\View\View->CodeIgniter\View\{closure}()
 5 SYSTEMPATH/Common.php(1184): CodeIgniter\View\View->render()
 6 APPPATH/Controllers/Home.php(9): view()
 7 SYSTEMPATH/CodeIgniter.php(934): App\Controllers\Home->index()
 8 SYSTEMPATH/CodeIgniter.php(499): CodeIgniter\CodeIgniter->runController()
 9 SYSTEMPATH/CodeIgniter.php(368): CodeIgniter\CodeIgniter->handleRequest()
10 FCPATH/index.php(67): CodeIgniter\CodeIgniter->run()
11 SYSTEMPATH/Commands/Server/rewrite.php(47): require_once('/opt/lampp/htdocs/portafolioLeonel/public/index.php')
INFO - 2023-03-20 01:32:02 --> Session: Class initialized using 'CodeIgniter\Session\Handlers\FileHandler' driver.
CRITICAL - 2023-03-20 01:32:49 --> require(../styles/homeCss.php): Failed to open stream: No such file or directory
in APPPATH/Views/home.php on line 11.
 1 APPPATH/Views/home.php(11): CodeIgniter\Debug\Exceptions->errorHandler()
 2 APPPATH/Views/home.php(11): require()
 3 SYSTEMPATH/View/View.php(213): include('/opt/lampp/htdocs/portafolioLeonel/app/Views/home.php')
 4 SYSTEMPATH/View/View.php(216): CodeIgniter\View\View->CodeIgniter\View\{closure}()
 5 SYSTEMPATH/Common.php(1184): CodeIgniter\View\View->render()
 6 APPPATH/Controllers/Home.php(9): view()
 7 SYSTEMPATH/CodeIgniter.php(934): App\Controllers\Home->index()
 8 SYSTEMPATH/CodeIgniter.php(499): CodeIgniter\CodeIgniter->runController()
 9 SYSTEMPATH/CodeIgniter.php(368): CodeIgniter\CodeIgniter->handleRequest()
10 FCPATH/index.php(67): CodeIgniter\CodeIgniter->run()
11 SYSTEMPATH/Commands/Server/rewrite.php(47): require_once('/opt/lampp/htdocs/portafolioLeonel/public/index.php')
CRITICAL - 2023-03-20 01:32:56 --> require(./styles/homeCss.php): Failed to open stream: No such file or directory
in APPPATH/Views/home.php on line 11.
 1 APPPATH/Views/home.php(11): CodeIgniter\Debug\Exceptions->errorHandler()
 2 APPPATH/Views/home.php(11): require()
 3 SYSTEMPATH/View/View.php(213): include('/opt/lampp/htdocs/portafolioLeonel/app/Views/home.php')
 4 SYSTEMPATH/View/View.php(216): CodeIgniter\View\View->CodeIgniter\View\{closure}()
 5 SYSTEMPATH/Common.php(1184): CodeIgniter\View\View->render()
 6 APPPATH/Controllers/Home.php(9): view()
 7 SYSTEMPATH/CodeIgniter.php(934): App\Controllers\Home->index()
 8 SYSTEMPATH/CodeIgniter.php(499): CodeIgniter\CodeIgniter->runController()
 9 SYSTEMPATH/CodeIgniter.php(368): CodeIgniter\CodeIgniter->handleRequest()
10 FCPATH/index.php(67): CodeIgniter\CodeIgniter->run()
11 SYSTEMPATH/Commands/Server/rewrite.php(47): require_once('/opt/lampp/htdocs/portafolioLeonel/public/index.php')
CRITICAL - 2023-03-20 01:33:08 --> require(./styles/homeCss.php): Failed to open stream: No such file or directory
in APPPATH/Views/home.php on line 11.
 1 APPPATH/Views/home.php(11): CodeIgniter\Debug\Exceptions->errorHandler()
 2 APPPATH/Views/home.php(11): require()
 3 SYSTEMPATH/View/View.php(213): include('/opt/lampp/htdocs/portafolioLeonel/app/Views/home.php')
 4 SYSTEMPATH/View/View.php(216): CodeIgniter\View\View->CodeIgniter\View\{closure}()
 5 SYSTEMPATH/Common.php(1184): CodeIgniter\View\View->render()
 6 APPPATH/Controllers/Home.php(9): view()
 7 SYSTEMPATH/CodeIgniter.php(934): App\Controllers\Home->index()
 8 SYSTEMPATH/CodeIgniter.php(499): CodeIgniter\CodeIgniter->runController()
 9 SYSTEMPATH/CodeIgniter.php(368): CodeIgniter\CodeIgniter->handleRequest()
10 FCPATH/index.php(67): CodeIgniter\CodeIgniter->run()
11 SYSTEMPATH/Commands/Server/rewrite.php(47): require_once('/opt/lampp/htdocs/portafolioLeonel/public/index.php')
INFO - 2023-03-20 01:33:19 --> Session: Class initialized using 'CodeIgniter\Session\Handlers\FileHandler' driver.
INFO - 2023-03-20 01:33:37 --> Session: Class initialized using 'CodeIgniter\Session\Handlers\FileHandler' driver.
INFO - 2023-03-20 01:34:16 --> Session: Class initialized using 'CodeIgniter\Session\Handlers\FileHandler' driver.
INFO - 2023-03-20 01:34:33 --> Session: Class initialized using 'CodeIgniter\Session\Handlers\FileHandler' driver.
INFO - 2023-03-20 01:34:43 --> Session: Class initialized using 'CodeIgniter\Session\Handlers\FileHandler' driver.
INFO - 2023-03-20 01:34:54 --> Session: Class initialized using 'CodeIgniter\Session\Handlers\FileHandler' driver.
INFO - 2023-03-20 16:11:39 --> Session: Class initialized using 'CodeIgniter\Session\Handlers\FileHandler' driver.
INFO - 2023-03-20 16:11:39 --> Session: Class initialized using 'CodeIgniter\Session\Handlers\FileHandler' driver.
INFO - 2023-03-20 16:15:30 --> Session: Class initialized using 'CodeIgniter\Session\Handlers\FileHandler' driver.
INFO - 2023-03-20 16:15:32 --> Session: Class initialized using 'CodeIgniter\Session\Handlers\FileHandler' driver.
INFO - 2023-03-20 16:16:26 --> Session: Class initialized using 'CodeIgniter\Session\Handlers\FileHandler' driver.
INFO - 2023-03-20 16:18:29 --> Session: Class initialized using 'CodeIgniter\Session\Handlers\FileHandler' driver.
INFO - 2023-03-20 16:36:44 --> Session: Class initialized using 'CodeIgniter\Session\Handlers\FileHandler' driver.
INFO - 2023-03-20 16:36:46 --> Session: Class initialized using 'CodeIgniter\Session\Handlers\FileHandler' driver.
INFO - 2023-03-20 16:37:19 --> Session: Class initialized using 'CodeIgniter\Session\Handlers\FileHandler' driver.
INFO - 2023-03-20 16:37:20 --> Session: Class initialized using 'CodeIgniter\Session\Handlers\FileHandler' driver.
INFO - 2023-03-20 16:38:29 --> Session: Class initialized using 'CodeIgniter\Session\Handlers\FileHandler' driver.
INFO - 2023-03-20 16:38:38 --> Session: Class initialized using 'CodeIgniter\Session\Handlers\FileHandler' driver.
INFO - 2023-03-20 16:39:59 --> Session: Class initialized using 'CodeIgniter\Session\Handlers\FileHandler' driver.
INFO - 2023-03-20 16:41:44 --> Session: Class initialized using 'CodeIgniter\Session\Handlers\FileHandler' driver.
INFO - 2023-03-20 16:44:59 --> Session: Class initialized using 'CodeIgniter\Session\Handlers\FileHandler' driver.
INFO - 2023-03-20 16:47:52 --> Session: Class initialized using 'CodeIgniter\Session\Handlers\FileHandler' driver.
INFO - 2023-03-20 16:48:54 --> Session: Class initialized using 'CodeIgniter\Session\Handlers\FileHandler' driver.
INFO - 2023-03-20 16:51:06 --> Session: Class initialized using 'CodeIgniter\Session\Handlers\FileHandler' driver.
INFO - 2023-03-20 16:51:08 --> Session: Class initialized using 'CodeIgniter\Session\Handlers\FileHandler' driver.
INFO - 2023-03-20 16:51:57 --> Session: Class initialized using 'CodeIgniter\Session\Handlers\FileHandler' driver.
INFO - 2023-03-20 16:52:27 --> Session: Class initialized using 'CodeIgniter\Session\Handlers\FileHandler' driver.
INFO - 2023-03-20 16:53:35 --> Session: Class initialized using 'CodeIgniter\Session\Handlers\FileHandler' driver.
INFO - 2023-03-20 16:54:46 --> Session: Class initialized using 'CodeIgniter\Session\Handlers\FileHandler' driver.
INFO - 2023-03-20 16:54:59 --> Session: Class initialized using 'CodeIgniter\Session\Handlers\FileHandler' driver.
INFO - 2023-03-20 16:57:02 --> Session: Class initialized using 'CodeIgniter\Session\Handlers\FileHandler' driver.
INFO - 2023-03-20 16:57:04 --> Session: Class initialized using 'CodeIgniter\Session\Handlers\FileHandler' driver.
INFO - 2023-03-20 16:57:37 --> Session: Class initialized using 'CodeIgniter\Session\Handlers\FileHandler' driver.
INFO - 2023-03-20 16:57:47 --> Session: Class initialized using 'CodeIgniter\Session\Handlers\FileHandler' driver.
INFO - 2023-03-20 17:09:20 --> Session: Class initialized using 'CodeIgniter\Session\Handlers\FileHandler' driver.
INFO - 2023-03-20 17:09:27 --> Session: Class initialized using 'CodeIgniter\Session\Handlers\FileHandler' driver.
INFO - 2023-03-20 17:11:23 --> Session: Class initialized using 'CodeIgniter\Session\Handlers\FileHandler' driver.
INFO - 2023-03-20 17:11:47 --> Session: Class initialized using 'CodeIgniter\Session\Handlers\FileHandler' driver.
INFO - 2023-03-20 17:13:49 --> Session: Class initialized using 'CodeIgniter\Session\Handlers\FileHandler' driver.
INFO - 2023-03-20 17:13:51 --> Session: Class initialized using 'CodeIgniter\Session\Handlers\FileHandler' driver.
INFO - 2023-03-20 17:14:20 --> Session: Class initialized using 'CodeIgniter\Session\Handlers\FileHandler' driver.
INFO - 2023-03-20 17:14:21 --> Session: Class initialized using 'CodeIgniter\Session\Handlers\FileHandler' driver.
INFO - 2023-03-20 17:14:48 --> Session: Class initialized using 'CodeIgniter\Session\Handlers\FileHandler' driver.
INFO - 2023-03-20 17:15:45 --> Session: Class initialized using 'CodeIgniter\Session\Handlers\FileHandler' driver.
INFO - 2023-03-20 17:16:10 --> Session: Class initialized using 'CodeIgniter\Session\Handlers\FileHandler' driver.
INFO - 2023-03-20 17:16:31 --> Session: Class initialized using 'CodeIgniter\Session\Handlers\FileHandler' driver.
INFO - 2023-03-20 17:16:53 --> Session: Class initialized using 'CodeIgniter\Session\Handlers\FileHandler' driver.
INFO - 2023-03-20 17:17:53 --> Session: Class initialized using 'CodeIgniter\Session\Handlers\FileHandler' driver.
INFO - 2023-03-20 17:23:57 --> Session: Class initialized using 'CodeIgniter\Session\Handlers\FileHandler' driver.
INFO - 2023-03-20 17:24:20 --> Session: Class initialized using 'CodeIgniter\Session\Handlers\FileHandler' driver.
INFO - 2023-03-20 17:31:47 --> Session: Class initialized using 'CodeIgniter\Session\Handlers\FileHandler' driver.
INFO - 2023-03-20 17:31:47 --> Session: Class initialized using 'CodeIgniter\Session\Handlers\FileHandler' driver.
INFO - 2023-03-20 17:31:50 --> Session: Class initialized using 'CodeIgniter\Session\Handlers\FileHandler' driver.
INFO - 2023-03-20 17:31:50 --> Session: Class initialized using 'CodeIgniter\Session\Handlers\FileHandler' driver.
INFO - 2023-03-20 17:31:51 --> Session: Class initialized using 'CodeIgniter\Session\Handlers\FileHandler' driver.
INFO - 2023-03-20 17:31:51 --> Session: Class initialized using 'CodeIgniter\Session\Handlers\FileHandler' driver.
INFO - 2023-03-20 17:31:53 --> Session: Class initialized using 'CodeIgniter\Session\Handlers\FileHandler' driver.
INFO - 2023-03-20 17:31:53 --> Session: Class initialized using 'CodeIgniter\Session\Handlers\FileHandler' driver.
INFO - 2023-03-20 17:31:55 --> Session: Class initialized using 'CodeIgniter\Session\Handlers\FileHandler' driver.
INFO - 2023-03-20 17:32:10 --> Session: Class initialized using 'CodeIgniter\Session\Handlers\FileHandler' driver.
INFO - 2023-03-20 17:32:10 --> Session: Class initialized using 'CodeIgniter\Session\Handlers\FileHandler' driver.
INFO - 2023-03-20 17:32:13 --> Session: Class initialized using 'CodeIgniter\Session\Handlers\FileHandler' driver.
INFO - 2023-03-20 17:32:13 --> Session: Class initialized using 'CodeIgniter\Session\Handlers\FileHandler' driver.
INFO - 2023-03-20 17:32:15 --> Session: Class initialized using 'CodeIgniter\Session\Handlers\FileHandler' driver.
INFO - 2023-03-20 17:32:15 --> Session: Class initialized using 'CodeIgniter\Session\Handlers\FileHandler' driver.
INFO - 2023-03-20 17:32:16 --> Session: Class initialized using 'CodeIgniter\Session\Handlers\FileHandler' driver.
INFO - 2023-03-20 17:32:40 --> Session: Class initialized using 'CodeIgniter\Session\Handlers\FileHandler' driver.
INFO - 2023-03-20 17:32:41 --> Session: Class initialized using 'CodeIgniter\Session\Handlers\FileHandler' driver.
INFO - 2023-03-20 17:32:47 --> Session: Class initialized using 'CodeIgniter\Session\Handlers\FileHandler' driver.
INFO - 2023-03-20 17:32:47 --> Session: Class initialized using 'CodeIgniter\Session\Handlers\FileHandler' driver.
INFO - 2023-03-20 17:32:49 --> Session: Class initialized using 'CodeIgniter\Session\Handlers\FileHandler' driver.
INFO - 2023-03-20 17:32:58 --> Session: Class initialized using 'CodeIgniter\Session\Handlers\FileHandler' driver.
INFO - 2023-03-20 17:33:01 --> Session: Class initialized using 'CodeIgniter\Session\Handlers\FileHandler' driver.
INFO - 2023-03-20 17:33:04 --> Session: Class initialized using 'CodeIgniter\Session\Handlers\FileHandler' driver.
INFO - 2023-03-20 17:33:13 --> Session: Class initialized using 'CodeIgniter\Session\Handlers\FileHandler' driver.
INFO - 2023-03-20 17:33:29 --> Session: Class initialized using 'CodeIgniter\Session\Handlers\FileHandler' driver.
INFO - 2023-03-20 17:33:49 --> Session: Class initialized using 'CodeIgniter\Session\Handlers\FileHandler' driver.
INFO - 2023-03-20 17:34:06 --> Session: Class initialized using 'CodeIgniter\Session\Handlers\FileHandler' driver.
INFO - 2023-03-20 17:34:07 --> Session: Class initialized using 'CodeIgniter\Session\Handlers\FileHandler' driver.
INFO - 2023-03-20 17:34:08 --> Session: Class initialized using 'CodeIgniter\Session\Handlers\FileHandler' driver.
INFO - 2023-03-20 17:34:08 --> Session: Class initialized using 'CodeIgniter\Session\Handlers\FileHandler' driver.
INFO - 2023-03-20 17:34:49 --> Session: Class initialized using 'CodeIgniter\Session\Handlers\FileHandler' driver.
INFO - 2023-03-20 17:35:06 --> Session: Class initialized using 'CodeIgniter\Session\Handlers\FileHandler' driver.
INFO - 2023-03-20 17:35:09 --> Session: Class initialized using 'CodeIgniter\Session\Handlers\FileHandler' driver.
