CRITICAL - 2023-03-19 01:27:24 --> Class "App\Models\Model" not found
in APPPATH/Models/LoginModel.php on line 6.
 1 SYSTEMPATH/Autoloader/Autoloader.php(312): include_once()
 2 SYSTEMPATH/Autoloader/Autoloader.php(289): CodeIgniter\Autoloader\Autoloader->includeFile()
 3 SYSTEMPATH/Autoloader/Autoloader.php(267): CodeIgniter\Autoloader\Autoloader->loadInNamespace()
 4 APPPATH/Controllers/LoginController.php(14): CodeIgniter\Autoloader\Autoloader->loadClass()
 5 SYSTEMPATH/CodeIgniter.php(906): App\Controllers\LoginController->__construct()
 6 SYSTEMPATH/CodeIgniter.php(490): CodeIgniter\CodeIgniter->createController()
 7 SYSTEMPATH/CodeIgniter.php(368): CodeIgniter\CodeIgniter->handleRequest()
 8 FCPATH/index.php(67): CodeIgniter\CodeIgniter->run()
 9 SYSTEMPATH/Commands/Server/rewrite.php(47): require_once('/opt/lampp/htdocs/leonel/public/index.php')
CRITICAL - 2023-03-19 01:27:47 --> Class "App\Models\Model" not found
in APPPATH/Models/LoginModel.php on line 6.
 1 SYSTEMPATH/Autoloader/Autoloader.php(312): include_once()
 2 SYSTEMPATH/Autoloader/Autoloader.php(289): CodeIgniter\Autoloader\Autoloader->includeFile()
 3 SYSTEMPATH/Autoloader/Autoloader.php(267): CodeIgniter\Autoloader\Autoloader->loadInNamespace()
 4 APPPATH/Controllers/LoginController.php(14): CodeIgniter\Autoloader\Autoloader->loadClass()
 5 SYSTEMPATH/CodeIgniter.php(906): App\Controllers\LoginController->__construct()
 6 SYSTEMPATH/CodeIgniter.php(490): CodeIgniter\CodeIgniter->createController()
 7 SYSTEMPATH/CodeIgniter.php(368): CodeIgniter\CodeIgniter->handleRequest()
 8 FCPATH/index.php(67): CodeIgniter\CodeIgniter->run()
 9 SYSTEMPATH/Commands/Server/rewrite.php(47): require_once('/opt/lampp/htdocs/leonel/public/index.php')
CRITICAL - 2023-03-19 01:28:05 --> Class "App\Models\Model" not found
in APPPATH/Models/LoginModel.php on line 6.
 1 SYSTEMPATH/Autoloader/Autoloader.php(312): include_once()
 2 SYSTEMPATH/Autoloader/Autoloader.php(289): CodeIgniter\Autoloader\Autoloader->includeFile()
 3 SYSTEMPATH/Autoloader/Autoloader.php(267): CodeIgniter\Autoloader\Autoloader->loadInNamespace()
 4 APPPATH/Controllers/LoginController.php(14): CodeIgniter\Autoloader\Autoloader->loadClass()
 5 SYSTEMPATH/CodeIgniter.php(906): App\Controllers\LoginController->__construct()
 6 SYSTEMPATH/CodeIgniter.php(490): CodeIgniter\CodeIgniter->createController()
 7 SYSTEMPATH/CodeIgniter.php(368): CodeIgniter\CodeIgniter->handleRequest()
 8 FCPATH/index.php(67): CodeIgniter\CodeIgniter->run()
 9 SYSTEMPATH/Commands/Server/rewrite.php(47): require_once('/opt/lampp/htdocs/leonel/public/index.php')
CRITICAL - 2023-03-19 01:29:05 --> Class "App\Models\Model" not found
in APPPATH/Models/LoginModel.php on line 6.
 1 SYSTEMPATH/Autoloader/Autoloader.php(312): include_once()
 2 SYSTEMPATH/Autoloader/Autoloader.php(289): CodeIgniter\Autoloader\Autoloader->includeFile()
 3 SYSTEMPATH/Autoloader/Autoloader.php(267): CodeIgniter\Autoloader\Autoloader->loadInNamespace()
 4 APPPATH/Controllers/LoginController.php(14): CodeIgniter\Autoloader\Autoloader->loadClass()
 5 SYSTEMPATH/CodeIgniter.php(906): App\Controllers\LoginController->__construct()
 6 SYSTEMPATH/CodeIgniter.php(490): CodeIgniter\CodeIgniter->createController()
 7 SYSTEMPATH/CodeIgniter.php(368): CodeIgniter\CodeIgniter->handleRequest()
 8 FCPATH/index.php(67): CodeIgniter\CodeIgniter->run()
 9 SYSTEMPATH/Commands/Server/rewrite.php(47): require_once('/opt/lampp/htdocs/leonel/public/index.php')
CRITICAL - 2023-03-19 01:29:06 --> Class "App\Models\Model" not found
in APPPATH/Models/LoginModel.php on line 6.
 1 SYSTEMPATH/Autoloader/Autoloader.php(312): include_once()
 2 SYSTEMPATH/Autoloader/Autoloader.php(289): CodeIgniter\Autoloader\Autoloader->includeFile()
 3 SYSTEMPATH/Autoloader/Autoloader.php(267): CodeIgniter\Autoloader\Autoloader->loadInNamespace()
 4 APPPATH/Controllers/LoginController.php(14): CodeIgniter\Autoloader\Autoloader->loadClass()
 5 SYSTEMPATH/CodeIgniter.php(906): App\Controllers\LoginController->__construct()
 6 SYSTEMPATH/CodeIgniter.php(490): CodeIgniter\CodeIgniter->createController()
 7 SYSTEMPATH/CodeIgniter.php(368): CodeIgniter\CodeIgniter->handleRequest()
 8 FCPATH/index.php(67): CodeIgniter\CodeIgniter->run()
 9 SYSTEMPATH/Commands/Server/rewrite.php(47): require_once('/opt/lampp/htdocs/leonel/public/index.php')
ERROR - 2023-03-19 01:52:35 --> mysqli_sql_exception: You have an error in your SQL syntax; check the manual that corresponds to your MySQL server version for the right syntax to use near ''t_usario' at line 2 in /opt/lampp/htdocs/leonel/system/Database/MySQLi/Connection.php:295
Stack trace:
#0 /opt/lampp/htdocs/leonel/system/Database/MySQLi/Connection.php(295): mysqli->query()
#1 /opt/lampp/htdocs/leonel/system/Database/BaseConnection.php(691): CodeIgniter\Database\MySQLi\Connection->execute()
#2 /opt/lampp/htdocs/leonel/system/Database/BaseConnection.php(605): CodeIgniter\Database\BaseConnection->simpleQuery()
#3 /opt/lampp/htdocs/leonel/system/Database/BaseBuilder.php(1616): CodeIgniter\Database\BaseConnection->query()
#4 /opt/lampp/htdocs/leonel/system/Model.php(241): CodeIgniter\Database\BaseBuilder->get()
#5 /opt/lampp/htdocs/leonel/system/BaseModel.php(618): CodeIgniter\Model->doFindAll()
#6 /opt/lampp/htdocs/leonel/app/Controllers/LoginController.php(26): CodeIgniter\BaseModel->findAll()
#7 /opt/lampp/htdocs/leonel/system/CodeIgniter.php(934): App\Controllers\LoginController->testUsuarios()
#8 /opt/lampp/htdocs/leonel/system/CodeIgniter.php(499): CodeIgniter\CodeIgniter->runController()
#9 /opt/lampp/htdocs/leonel/system/CodeIgniter.php(368): CodeIgniter\CodeIgniter->handleRequest()
#10 /opt/lampp/htdocs/leonel/public/index.php(67): CodeIgniter\CodeIgniter->run()
#11 /opt/lampp/htdocs/leonel/system/Commands/Server/rewrite.php(47): require_once('...')
#12 {main}
CRITICAL - 2023-03-19 01:52:35 --> You have an error in your SQL syntax; check the manual that corresponds to your MySQL server version for the right syntax to use near ''t_usario' at line 2
in SYSTEMPATH/Database/BaseConnection.php on line 645.
 1 SYSTEMPATH/Database/BaseBuilder.php(1616): CodeIgniter\Database\BaseConnection->query()
 2 SYSTEMPATH/Model.php(241): CodeIgniter\Database\BaseBuilder->get()
 3 SYSTEMPATH/BaseModel.php(618): CodeIgniter\Model->doFindAll()
 4 APPPATH/Controllers/LoginController.php(26): CodeIgniter\BaseModel->findAll()
 5 SYSTEMPATH/CodeIgniter.php(934): App\Controllers\LoginController->testUsuarios()
 6 SYSTEMPATH/CodeIgniter.php(499): CodeIgniter\CodeIgniter->runController()
 7 SYSTEMPATH/CodeIgniter.php(368): CodeIgniter\CodeIgniter->handleRequest()
 8 FCPATH/index.php(67): CodeIgniter\CodeIgniter->run()
 9 SYSTEMPATH/Commands/Server/rewrite.php(47): require_once('/opt/lampp/htdocs/leonel/public/index.php')
ERROR - 2023-03-19 01:55:04 --> mysqli_sql_exception: Table 'ejemplo.t_usario' doesn't exist in /opt/lampp/htdocs/leonel/system/Database/MySQLi/Connection.php:295
Stack trace:
#0 /opt/lampp/htdocs/leonel/system/Database/MySQLi/Connection.php(295): mysqli->query()
#1 /opt/lampp/htdocs/leonel/system/Database/BaseConnection.php(691): CodeIgniter\Database\MySQLi\Connection->execute()
#2 /opt/lampp/htdocs/leonel/system/Database/BaseConnection.php(605): CodeIgniter\Database\BaseConnection->simpleQuery()
#3 /opt/lampp/htdocs/leonel/system/Database/BaseBuilder.php(1616): CodeIgniter\Database\BaseConnection->query()
#4 /opt/lampp/htdocs/leonel/system/Model.php(241): CodeIgniter\Database\BaseBuilder->get()
#5 /opt/lampp/htdocs/leonel/system/BaseModel.php(618): CodeIgniter\Model->doFindAll()
#6 /opt/lampp/htdocs/leonel/app/Controllers/LoginController.php(26): CodeIgniter\BaseModel->findAll()
#7 /opt/lampp/htdocs/leonel/system/CodeIgniter.php(934): App\Controllers\LoginController->testUsuarios()
#8 /opt/lampp/htdocs/leonel/system/CodeIgniter.php(499): CodeIgniter\CodeIgniter->runController()
#9 /opt/lampp/htdocs/leonel/system/CodeIgniter.php(368): CodeIgniter\CodeIgniter->handleRequest()
#10 /opt/lampp/htdocs/leonel/public/index.php(67): CodeIgniter\CodeIgniter->run()
#11 /opt/lampp/htdocs/leonel/system/Commands/Server/rewrite.php(47): require_once('...')
#12 {main}
CRITICAL - 2023-03-19 01:55:04 --> Table 'ejemplo.t_usario' doesn't exist
in SYSTEMPATH/Database/BaseConnection.php on line 645.
 1 SYSTEMPATH/Database/BaseBuilder.php(1616): CodeIgniter\Database\BaseConnection->query()
 2 SYSTEMPATH/Model.php(241): CodeIgniter\Database\BaseBuilder->get()
 3 SYSTEMPATH/BaseModel.php(618): CodeIgniter\Model->doFindAll()
 4 APPPATH/Controllers/LoginController.php(26): CodeIgniter\BaseModel->findAll()
 5 SYSTEMPATH/CodeIgniter.php(934): App\Controllers\LoginController->testUsuarios()
 6 SYSTEMPATH/CodeIgniter.php(499): CodeIgniter\CodeIgniter->runController()
 7 SYSTEMPATH/CodeIgniter.php(368): CodeIgniter\CodeIgniter->handleRequest()
 8 FCPATH/index.php(67): CodeIgniter\CodeIgniter->run()
 9 SYSTEMPATH/Commands/Server/rewrite.php(47): require_once('/opt/lampp/htdocs/leonel/public/index.php')
ERROR - 2023-03-19 01:55:56 --> mysqli_sql_exception: Table 'ejemplo.t_usario' doesn't exist in /opt/lampp/htdocs/leonel/system/Database/MySQLi/Connection.php:295
Stack trace:
#0 /opt/lampp/htdocs/leonel/system/Database/MySQLi/Connection.php(295): mysqli->query()
#1 /opt/lampp/htdocs/leonel/system/Database/BaseConnection.php(691): CodeIgniter\Database\MySQLi\Connection->execute()
#2 /opt/lampp/htdocs/leonel/system/Database/BaseConnection.php(605): CodeIgniter\Database\BaseConnection->simpleQuery()
#3 /opt/lampp/htdocs/leonel/system/Database/BaseBuilder.php(1616): CodeIgniter\Database\BaseConnection->query()
#4 /opt/lampp/htdocs/leonel/system/Model.php(241): CodeIgniter\Database\BaseBuilder->get()
#5 /opt/lampp/htdocs/leonel/system/BaseModel.php(618): CodeIgniter\Model->doFindAll()
#6 /opt/lampp/htdocs/leonel/app/Controllers/LoginController.php(26): CodeIgniter\BaseModel->findAll()
#7 /opt/lampp/htdocs/leonel/system/CodeIgniter.php(934): App\Controllers\LoginController->testUsuarios()
#8 /opt/lampp/htdocs/leonel/system/CodeIgniter.php(499): CodeIgniter\CodeIgniter->runController()
#9 /opt/lampp/htdocs/leonel/system/CodeIgniter.php(368): CodeIgniter\CodeIgniter->handleRequest()
#10 /opt/lampp/htdocs/leonel/public/index.php(67): CodeIgniter\CodeIgniter->run()
#11 /opt/lampp/htdocs/leonel/system/Commands/Server/rewrite.php(47): require_once('...')
#12 {main}
CRITICAL - 2023-03-19 01:55:56 --> Table 'ejemplo.t_usario' doesn't exist
in SYSTEMPATH/Database/BaseConnection.php on line 645.
 1 SYSTEMPATH/Database/BaseBuilder.php(1616): CodeIgniter\Database\BaseConnection->query()
 2 SYSTEMPATH/Model.php(241): CodeIgniter\Database\BaseBuilder->get()
 3 SYSTEMPATH/BaseModel.php(618): CodeIgniter\Model->doFindAll()
 4 APPPATH/Controllers/LoginController.php(26): CodeIgniter\BaseModel->findAll()
 5 SYSTEMPATH/CodeIgniter.php(934): App\Controllers\LoginController->testUsuarios()
 6 SYSTEMPATH/CodeIgniter.php(499): CodeIgniter\CodeIgniter->runController()
 7 SYSTEMPATH/CodeIgniter.php(368): CodeIgniter\CodeIgniter->handleRequest()
 8 FCPATH/index.php(67): CodeIgniter\CodeIgniter->run()
 9 SYSTEMPATH/Commands/Server/rewrite.php(47): require_once('/opt/lampp/htdocs/leonel/public/index.php')
CRITICAL - 2023-03-19 01:59:10 --> Call to a member function findAll() on null
in APPPATH/Controllers/LoginController.php on line 26.
 1 SYSTEMPATH/CodeIgniter.php(934): App\Controllers\LoginController->testUsuarios()
 2 SYSTEMPATH/CodeIgniter.php(499): CodeIgniter\CodeIgniter->runController()
 3 SYSTEMPATH/CodeIgniter.php(368): CodeIgniter\CodeIgniter->handleRequest()
 4 FCPATH/index.php(67): CodeIgniter\CodeIgniter->run()
 5 SYSTEMPATH/Commands/Server/rewrite.php(47): require_once('/opt/lampp/htdocs/leonel/public/index.php')
CRITICAL - 2023-03-19 01:59:11 --> Call to a member function findAll() on null
in APPPATH/Controllers/LoginController.php on line 26.
 1 SYSTEMPATH/CodeIgniter.php(934): App\Controllers\LoginController->testUsuarios()
 2 SYSTEMPATH/CodeIgniter.php(499): CodeIgniter\CodeIgniter->runController()
 3 SYSTEMPATH/CodeIgniter.php(368): CodeIgniter\CodeIgniter->handleRequest()
 4 FCPATH/index.php(67): CodeIgniter\CodeIgniter->run()
 5 SYSTEMPATH/Commands/Server/rewrite.php(47): require_once('/opt/lampp/htdocs/leonel/public/index.php')
CRITICAL - 2023-03-19 01:59:34 --> Call to a member function findAll() on null
in APPPATH/Controllers/LoginController.php on line 26.
 1 SYSTEMPATH/CodeIgniter.php(934): App\Controllers\LoginController->testUsuarios()
 2 SYSTEMPATH/CodeIgniter.php(499): CodeIgniter\CodeIgniter->runController()
 3 SYSTEMPATH/CodeIgniter.php(368): CodeIgniter\CodeIgniter->handleRequest()
 4 FCPATH/index.php(67): CodeIgniter\CodeIgniter->run()
 5 SYSTEMPATH/Commands/Server/rewrite.php(47): require_once('/opt/lampp/htdocs/leonel/public/index.php')
CRITICAL - 2023-03-19 01:59:44 --> Call to a member function findAll() on null
in APPPATH/Controllers/LoginController.php on line 26.
 1 SYSTEMPATH/CodeIgniter.php(934): App\Controllers\LoginController->testUsuarios()
 2 SYSTEMPATH/CodeIgniter.php(499): CodeIgniter\CodeIgniter->runController()
 3 SYSTEMPATH/CodeIgniter.php(368): CodeIgniter\CodeIgniter->handleRequest()
 4 FCPATH/index.php(67): CodeIgniter\CodeIgniter->run()
 5 SYSTEMPATH/Commands/Server/rewrite.php(47): require_once('/opt/lampp/htdocs/leonel/public/index.php')
CRITICAL - 2023-03-19 01:59:45 --> Call to a member function findAll() on null
in APPPATH/Controllers/LoginController.php on line 26.
 1 SYSTEMPATH/CodeIgniter.php(934): App\Controllers\LoginController->testUsuarios()
 2 SYSTEMPATH/CodeIgniter.php(499): CodeIgniter\CodeIgniter->runController()
 3 SYSTEMPATH/CodeIgniter.php(368): CodeIgniter\CodeIgniter->handleRequest()
 4 FCPATH/index.php(67): CodeIgniter\CodeIgniter->run()
 5 SYSTEMPATH/Commands/Server/rewrite.php(47): require_once('/opt/lampp/htdocs/leonel/public/index.php')
CRITICAL - 2023-03-19 02:00:19 --> Call to a member function findAll() on null
in APPPATH/Controllers/LoginController.php on line 26.
 1 SYSTEMPATH/CodeIgniter.php(934): App\Controllers\LoginController->testUsuarios()
 2 SYSTEMPATH/CodeIgniter.php(499): CodeIgniter\CodeIgniter->runController()
 3 SYSTEMPATH/CodeIgniter.php(368): CodeIgniter\CodeIgniter->handleRequest()
 4 FCPATH/index.php(67): CodeIgniter\CodeIgniter->run()
 5 SYSTEMPATH/Commands/Server/rewrite.php(47): require_once('/opt/lampp/htdocs/leonel/public/index.php')
CRITICAL - 2023-03-19 02:04:51 --> Call to a member function findAll() on null
in APPPATH/Controllers/LoginController.php on line 26.
 1 SYSTEMPATH/CodeIgniter.php(934): App\Controllers\LoginController->testUsuarios()
 2 SYSTEMPATH/CodeIgniter.php(499): CodeIgniter\CodeIgniter->runController()
 3 SYSTEMPATH/CodeIgniter.php(368): CodeIgniter\CodeIgniter->handleRequest()
 4 FCPATH/index.php(67): CodeIgniter\CodeIgniter->run()
 5 SYSTEMPATH/Commands/Server/rewrite.php(47): require_once('/opt/lampp/htdocs/leonel/public/index.php')
CRITICAL - 2023-03-19 02:04:52 --> Call to a member function findAll() on null
in APPPATH/Controllers/LoginController.php on line 26.
 1 SYSTEMPATH/CodeIgniter.php(934): App\Controllers\LoginController->testUsuarios()
 2 SYSTEMPATH/CodeIgniter.php(499): CodeIgniter\CodeIgniter->runController()
 3 SYSTEMPATH/CodeIgniter.php(368): CodeIgniter\CodeIgniter->handleRequest()
 4 FCPATH/index.php(67): CodeIgniter\CodeIgniter->run()
 5 SYSTEMPATH/Commands/Server/rewrite.php(47): require_once('/opt/lampp/htdocs/leonel/public/index.php')
ERROR - 2023-03-19 02:10:06 --> mysqli_sql_exception: Table 'ejemplo.t_usario' doesn't exist in /opt/lampp/htdocs/leonel/system/Database/MySQLi/Connection.php:295
Stack trace:
#0 /opt/lampp/htdocs/leonel/system/Database/MySQLi/Connection.php(295): mysqli->query()
#1 /opt/lampp/htdocs/leonel/system/Database/BaseConnection.php(691): CodeIgniter\Database\MySQLi\Connection->execute()
#2 /opt/lampp/htdocs/leonel/system/Database/BaseConnection.php(605): CodeIgniter\Database\BaseConnection->simpleQuery()
#3 /opt/lampp/htdocs/leonel/system/Database/BaseBuilder.php(1616): CodeIgniter\Database\BaseConnection->query()
#4 /opt/lampp/htdocs/leonel/system/Model.php(241): CodeIgniter\Database\BaseBuilder->get()
#5 /opt/lampp/htdocs/leonel/system/BaseModel.php(618): CodeIgniter\Model->doFindAll()
#6 /opt/lampp/htdocs/leonel/app/Controllers/LoginController.php(26): CodeIgniter\BaseModel->findAll()
#7 /opt/lampp/htdocs/leonel/system/CodeIgniter.php(934): App\Controllers\LoginController->test()
#8 /opt/lampp/htdocs/leonel/system/CodeIgniter.php(499): CodeIgniter\CodeIgniter->runController()
#9 /opt/lampp/htdocs/leonel/system/CodeIgniter.php(368): CodeIgniter\CodeIgniter->handleRequest()
#10 /opt/lampp/htdocs/leonel/public/index.php(67): CodeIgniter\CodeIgniter->run()
#11 /opt/lampp/htdocs/leonel/system/Commands/Server/rewrite.php(47): require_once('...')
#12 {main}
CRITICAL - 2023-03-19 02:10:06 --> Table 'ejemplo.t_usario' doesn't exist
in SYSTEMPATH/Database/BaseConnection.php on line 645.
 1 SYSTEMPATH/Database/BaseBuilder.php(1616): CodeIgniter\Database\BaseConnection->query()
 2 SYSTEMPATH/Model.php(241): CodeIgniter\Database\BaseBuilder->get()
 3 SYSTEMPATH/BaseModel.php(618): CodeIgniter\Model->doFindAll()
 4 APPPATH/Controllers/LoginController.php(26): CodeIgniter\BaseModel->findAll()
 5 SYSTEMPATH/CodeIgniter.php(934): App\Controllers\LoginController->test()
 6 SYSTEMPATH/CodeIgniter.php(499): CodeIgniter\CodeIgniter->runController()
 7 SYSTEMPATH/CodeIgniter.php(368): CodeIgniter\CodeIgniter->handleRequest()
 8 FCPATH/index.php(67): CodeIgniter\CodeIgniter->run()
 9 SYSTEMPATH/Commands/Server/rewrite.php(47): require_once('/opt/lampp/htdocs/leonel/public/index.php')
ERROR - 2023-03-19 02:10:32 --> mysqli_sql_exception: Table 'ejemplo.t_usario' doesn't exist in /opt/lampp/htdocs/leonel/system/Database/MySQLi/Connection.php:295
Stack trace:
#0 /opt/lampp/htdocs/leonel/system/Database/MySQLi/Connection.php(295): mysqli->query()
#1 /opt/lampp/htdocs/leonel/system/Database/BaseConnection.php(691): CodeIgniter\Database\MySQLi\Connection->execute()
#2 /opt/lampp/htdocs/leonel/system/Database/BaseConnection.php(605): CodeIgniter\Database\BaseConnection->simpleQuery()
#3 /opt/lampp/htdocs/leonel/system/Database/BaseBuilder.php(1616): CodeIgniter\Database\BaseConnection->query()
#4 /opt/lampp/htdocs/leonel/system/Model.php(241): CodeIgniter\Database\BaseBuilder->get()
#5 /opt/lampp/htdocs/leonel/system/BaseModel.php(618): CodeIgniter\Model->doFindAll()
#6 /opt/lampp/htdocs/leonel/app/Controllers/LoginController.php(26): CodeIgniter\BaseModel->findAll()
#7 /opt/lampp/htdocs/leonel/system/CodeIgniter.php(934): App\Controllers\LoginController->test()
#8 /opt/lampp/htdocs/leonel/system/CodeIgniter.php(499): CodeIgniter\CodeIgniter->runController()
#9 /opt/lampp/htdocs/leonel/system/CodeIgniter.php(368): CodeIgniter\CodeIgniter->handleRequest()
#10 /opt/lampp/htdocs/leonel/public/index.php(67): CodeIgniter\CodeIgniter->run()
#11 /opt/lampp/htdocs/leonel/system/Commands/Server/rewrite.php(47): require_once('...')
#12 {main}
CRITICAL - 2023-03-19 02:10:32 --> Table 'ejemplo.t_usario' doesn't exist
in SYSTEMPATH/Database/BaseConnection.php on line 645.
 1 SYSTEMPATH/Database/BaseBuilder.php(1616): CodeIgniter\Database\BaseConnection->query()
 2 SYSTEMPATH/Model.php(241): CodeIgniter\Database\BaseBuilder->get()
 3 SYSTEMPATH/BaseModel.php(618): CodeIgniter\Model->doFindAll()
 4 APPPATH/Controllers/LoginController.php(26): CodeIgniter\BaseModel->findAll()
 5 SYSTEMPATH/CodeIgniter.php(934): App\Controllers\LoginController->test()
 6 SYSTEMPATH/CodeIgniter.php(499): CodeIgniter\CodeIgniter->runController()
 7 SYSTEMPATH/CodeIgniter.php(368): CodeIgniter\CodeIgniter->handleRequest()
 8 FCPATH/index.php(67): CodeIgniter\CodeIgniter->run()
 9 SYSTEMPATH/Commands/Server/rewrite.php(47): require_once('/opt/lampp/htdocs/leonel/public/index.php')
ERROR - 2023-03-19 02:11:08 --> mysqli_sql_exception: Table 'ejemplo.t_usario' doesn't exist in /opt/lampp/htdocs/leonel/system/Database/MySQLi/Connection.php:295
Stack trace:
#0 /opt/lampp/htdocs/leonel/system/Database/MySQLi/Connection.php(295): mysqli->query()
#1 /opt/lampp/htdocs/leonel/system/Database/BaseConnection.php(691): CodeIgniter\Database\MySQLi\Connection->execute()
#2 /opt/lampp/htdocs/leonel/system/Database/BaseConnection.php(605): CodeIgniter\Database\BaseConnection->simpleQuery()
#3 /opt/lampp/htdocs/leonel/system/Database/BaseBuilder.php(1616): CodeIgniter\Database\BaseConnection->query()
#4 /opt/lampp/htdocs/leonel/system/Model.php(241): CodeIgniter\Database\BaseBuilder->get()
#5 /opt/lampp/htdocs/leonel/system/BaseModel.php(618): CodeIgniter\Model->doFindAll()
#6 /opt/lampp/htdocs/leonel/app/Controllers/LoginController.php(26): CodeIgniter\BaseModel->findAll()
#7 /opt/lampp/htdocs/leonel/system/CodeIgniter.php(934): App\Controllers\LoginController->test()
#8 /opt/lampp/htdocs/leonel/system/CodeIgniter.php(499): CodeIgniter\CodeIgniter->runController()
#9 /opt/lampp/htdocs/leonel/system/CodeIgniter.php(368): CodeIgniter\CodeIgniter->handleRequest()
#10 /opt/lampp/htdocs/leonel/public/index.php(67): CodeIgniter\CodeIgniter->run()
#11 /opt/lampp/htdocs/leonel/system/Commands/Server/rewrite.php(47): require_once('...')
#12 {main}
CRITICAL - 2023-03-19 02:11:08 --> Table 'ejemplo.t_usario' doesn't exist
in SYSTEMPATH/Database/BaseConnection.php on line 645.
 1 SYSTEMPATH/Database/BaseBuilder.php(1616): CodeIgniter\Database\BaseConnection->query()
 2 SYSTEMPATH/Model.php(241): CodeIgniter\Database\BaseBuilder->get()
 3 SYSTEMPATH/BaseModel.php(618): CodeIgniter\Model->doFindAll()
 4 APPPATH/Controllers/LoginController.php(26): CodeIgniter\BaseModel->findAll()
 5 SYSTEMPATH/CodeIgniter.php(934): App\Controllers\LoginController->test()
 6 SYSTEMPATH/CodeIgniter.php(499): CodeIgniter\CodeIgniter->runController()
 7 SYSTEMPATH/CodeIgniter.php(368): CodeIgniter\CodeIgniter->handleRequest()
 8 FCPATH/index.php(67): CodeIgniter\CodeIgniter->run()
 9 SYSTEMPATH/Commands/Server/rewrite.php(47): require_once('/opt/lampp/htdocs/leonel/public/index.php')
ERROR - 2023-03-19 02:50:33 --> mysqli_sql_exception: Table 'ejemplo.t_usario' doesn't exist in /opt/lampp/htdocs/leonel/system/Database/MySQLi/Connection.php:295
Stack trace:
#0 /opt/lampp/htdocs/leonel/system/Database/MySQLi/Connection.php(295): mysqli->query()
#1 /opt/lampp/htdocs/leonel/system/Database/BaseConnection.php(691): CodeIgniter\Database\MySQLi\Connection->execute()
#2 /opt/lampp/htdocs/leonel/system/Database/BaseConnection.php(605): CodeIgniter\Database\BaseConnection->simpleQuery()
#3 /opt/lampp/htdocs/leonel/system/Database/BaseBuilder.php(1616): CodeIgniter\Database\BaseConnection->query()
#4 /opt/lampp/htdocs/leonel/app/Models/LoginModel.php(28): CodeIgniter\Database\BaseBuilder->get()
#5 /opt/lampp/htdocs/leonel/app/Controllers/LoginController.php(37): App\Models\LoginModel->obtenerUsuario()
#6 /opt/lampp/htdocs/leonel/system/CodeIgniter.php(934): App\Controllers\LoginController->postLogin()
#7 /opt/lampp/htdocs/leonel/system/CodeIgniter.php(499): CodeIgniter\CodeIgniter->runController()
#8 /opt/lampp/htdocs/leonel/system/CodeIgniter.php(368): CodeIgniter\CodeIgniter->handleRequest()
#9 /opt/lampp/htdocs/leonel/public/index.php(67): CodeIgniter\CodeIgniter->run()
#10 /opt/lampp/htdocs/leonel/system/Commands/Server/rewrite.php(47): require_once('...')
#11 {main}
ERROR - 2023-03-19 02:58:05 --> mysqli_sql_exception: Unknown column 'usuari4o' in 'where clause' in /opt/lampp/htdocs/leonel/system/Database/MySQLi/Connection.php:295
Stack trace:
#0 /opt/lampp/htdocs/leonel/system/Database/MySQLi/Connection.php(295): mysqli->query()
#1 /opt/lampp/htdocs/leonel/system/Database/BaseConnection.php(691): CodeIgniter\Database\MySQLi\Connection->execute()
#2 /opt/lampp/htdocs/leonel/system/Database/BaseConnection.php(605): CodeIgniter\Database\BaseConnection->simpleQuery()
#3 /opt/lampp/htdocs/leonel/system/Database/BaseBuilder.php(1616): CodeIgniter\Database\BaseConnection->query()
#4 /opt/lampp/htdocs/leonel/app/Models/LoginModel.php(25): CodeIgniter\Database\BaseBuilder->get()
#5 /opt/lampp/htdocs/leonel/app/Controllers/LoginController.php(37): App\Models\LoginModel->obtenerUsuario()
#6 /opt/lampp/htdocs/leonel/system/CodeIgniter.php(934): App\Controllers\LoginController->postLogin()
#7 /opt/lampp/htdocs/leonel/system/CodeIgniter.php(499): CodeIgniter\CodeIgniter->runController()
#8 /opt/lampp/htdocs/leonel/system/CodeIgniter.php(368): CodeIgniter\CodeIgniter->handleRequest()
#9 /opt/lampp/htdocs/leonel/public/index.php(67): CodeIgniter\CodeIgniter->run()
#10 /opt/lampp/htdocs/leonel/system/Commands/Server/rewrite.php(47): require_once('...')
#11 {main}
CRITICAL - 2023-03-19 06:49:10 --> Object of class CodeIgniter\Session\Session could not be converted to string
in APPPATH/Views/login.php on line 15.
 1 SYSTEMPATH/View/View.php(213): include()
 2 SYSTEMPATH/View/View.php(216): CodeIgniter\View\View->CodeIgniter\View\{closure}()
 3 SYSTEMPATH/Common.php(1184): CodeIgniter\View\View->render()
 4 APPPATH/Controllers/LoginController.php(22): view()
 5 SYSTEMPATH/CodeIgniter.php(934): App\Controllers\LoginController->index()
 6 SYSTEMPATH/CodeIgniter.php(499): CodeIgniter\CodeIgniter->runController()
 7 SYSTEMPATH/CodeIgniter.php(368): CodeIgniter\CodeIgniter->handleRequest()
 8 FCPATH/index.php(67): CodeIgniter\CodeIgniter->run()
 9 SYSTEMPATH/Commands/Server/rewrite.php(47): require_once('/opt/lampp/htdocs/leonel/public/index.php')
CRITICAL - 2023-03-19 06:49:23 --> Object of class CodeIgniter\Session\Session could not be converted to string
in APPPATH/Views/login.php on line 15.
 1 SYSTEMPATH/View/View.php(213): include()
 2 SYSTEMPATH/View/View.php(216): CodeIgniter\View\View->CodeIgniter\View\{closure}()
 3 SYSTEMPATH/Common.php(1184): CodeIgniter\View\View->render()
 4 APPPATH/Controllers/LoginController.php(22): view()
 5 SYSTEMPATH/CodeIgniter.php(934): App\Controllers\LoginController->index()
 6 SYSTEMPATH/CodeIgniter.php(499): CodeIgniter\CodeIgniter->runController()
 7 SYSTEMPATH/CodeIgniter.php(368): CodeIgniter\CodeIgniter->handleRequest()
 8 FCPATH/index.php(67): CodeIgniter\CodeIgniter->run()
 9 SYSTEMPATH/Commands/Server/rewrite.php(47): require_once('/opt/lampp/htdocs/leonel/public/index.php')
CRITICAL - 2023-03-19 06:49:25 --> Object of class CodeIgniter\Session\Session could not be converted to string
in APPPATH/Views/login.php on line 15.
 1 SYSTEMPATH/View/View.php(213): include()
 2 SYSTEMPATH/View/View.php(216): CodeIgniter\View\View->CodeIgniter\View\{closure}()
 3 SYSTEMPATH/Common.php(1184): CodeIgniter\View\View->render()
 4 APPPATH/Controllers/LoginController.php(22): view()
 5 SYSTEMPATH/CodeIgniter.php(934): App\Controllers\LoginController->index()
 6 SYSTEMPATH/CodeIgniter.php(499): CodeIgniter\CodeIgniter->runController()
 7 SYSTEMPATH/CodeIgniter.php(368): CodeIgniter\CodeIgniter->handleRequest()
 8 FCPATH/index.php(67): CodeIgniter\CodeIgniter->run()
 9 SYSTEMPATH/Commands/Server/rewrite.php(47): require_once('/opt/lampp/htdocs/leonel/public/index.php')
CRITICAL - 2023-03-19 06:50:49 --> Object of class CodeIgniter\Session\Session could not be converted to string
in APPPATH/Views/login.php on line 15.
 1 SYSTEMPATH/View/View.php(213): include()
 2 SYSTEMPATH/View/View.php(216): CodeIgniter\View\View->CodeIgniter\View\{closure}()
 3 SYSTEMPATH/Common.php(1184): CodeIgniter\View\View->render()
 4 APPPATH/Controllers/LoginController.php(22): view()
 5 SYSTEMPATH/CodeIgniter.php(934): App\Controllers\LoginController->index()
 6 SYSTEMPATH/CodeIgniter.php(499): CodeIgniter\CodeIgniter->runController()
 7 SYSTEMPATH/CodeIgniter.php(368): CodeIgniter\CodeIgniter->handleRequest()
 8 FCPATH/index.php(67): CodeIgniter\CodeIgniter->run()
 9 SYSTEMPATH/Commands/Server/rewrite.php(47): require_once('/opt/lampp/htdocs/leonel/public/index.php')
CRITICAL - 2023-03-19 06:50:54 --> Object of class CodeIgniter\Session\Session could not be converted to string
in APPPATH/Views/login.php on line 15.
 1 SYSTEMPATH/View/View.php(213): include()
 2 SYSTEMPATH/View/View.php(216): CodeIgniter\View\View->CodeIgniter\View\{closure}()
 3 SYSTEMPATH/Common.php(1184): CodeIgniter\View\View->render()
 4 APPPATH/Controllers/LoginController.php(22): view()
 5 SYSTEMPATH/CodeIgniter.php(934): App\Controllers\LoginController->index()
 6 SYSTEMPATH/CodeIgniter.php(499): CodeIgniter\CodeIgniter->runController()
 7 SYSTEMPATH/CodeIgniter.php(368): CodeIgniter\CodeIgniter->handleRequest()
 8 FCPATH/index.php(67): CodeIgniter\CodeIgniter->run()
 9 SYSTEMPATH/Commands/Server/rewrite.php(47): require_once('/opt/lampp/htdocs/leonel/public/index.php')
CRITICAL - 2023-03-19 06:57:27 --> The route for "/login" cannot be found.
in SYSTEMPATH/HTTP/RedirectResponse.php on line 60.
 1 SYSTEMPATH/HTTP/RedirectResponse.php(60): CodeIgniter\HTTP\Exceptions\HTTPException::forInvalidRedirectRoute()
 2 SYSTEMPATH/Common.php(880): CodeIgniter\HTTP\RedirectResponse->route()
 3 APPPATH/Controllers/LoginController.php(71): redirect()
 4 SYSTEMPATH/CodeIgniter.php(934): App\Controllers\LoginController->salir()
 5 SYSTEMPATH/CodeIgniter.php(499): CodeIgniter\CodeIgniter->runController()
 6 SYSTEMPATH/CodeIgniter.php(368): CodeIgniter\CodeIgniter->handleRequest()
 7 FCPATH/index.php(67): CodeIgniter\CodeIgniter->run()
 8 SYSTEMPATH/Commands/Server/rewrite.php(47): require_once('/opt/lampp/htdocs/leonel/public/index.php')
CRITICAL - 2023-03-19 07:09:30 --> Class "App\Filters\SessionAdmin" not found
in SYSTEMPATH/Filters/Filters.php on line 166.
 1 SYSTEMPATH/CodeIgniter.php(473): CodeIgniter\Filters\Filters->run()
 2 SYSTEMPATH/CodeIgniter.php(368): CodeIgniter\CodeIgniter->handleRequest()
 3 FCPATH/index.php(67): CodeIgniter\CodeIgniter->run()
 4 SYSTEMPATH/Commands/Server/rewrite.php(47): require_once('/opt/lampp/htdocs/leonel/public/index.php')
CRITICAL - 2023-03-19 07:09:49 --> Class "App\Filters\SessionAdmin" not found
in SYSTEMPATH/Filters/Filters.php on line 166.
 1 SYSTEMPATH/CodeIgniter.php(473): CodeIgniter\Filters\Filters->run()
 2 SYSTEMPATH/CodeIgniter.php(368): CodeIgniter\CodeIgniter->handleRequest()
 3 FCPATH/index.php(67): CodeIgniter\CodeIgniter->run()
 4 SYSTEMPATH/Commands/Server/rewrite.php(47): require_once('/opt/lampp/htdocs/leonel/public/index.php')
CRITICAL - 2023-03-19 07:13:21 --> The route for "/login" cannot be found.
in SYSTEMPATH/HTTP/RedirectResponse.php on line 60.
 1 SYSTEMPATH/HTTP/RedirectResponse.php(60): CodeIgniter\HTTP\Exceptions\HTTPException::forInvalidRedirectRoute()
 2 SYSTEMPATH/Common.php(880): CodeIgniter\HTTP\RedirectResponse->route()
 3 APPPATH/Filters/SessionAdmin.php(15): redirect()
 4 SYSTEMPATH/Filters/Filters.php(173): App\Filters\SessionAdmin->before()
 5 SYSTEMPATH/CodeIgniter.php(473): CodeIgniter\Filters\Filters->run()
 6 SYSTEMPATH/CodeIgniter.php(368): CodeIgniter\CodeIgniter->handleRequest()
 7 FCPATH/index.php(67): CodeIgniter\CodeIgniter->run()
 8 SYSTEMPATH/Commands/Server/rewrite.php(47): require_once('/opt/lampp/htdocs/leonel/public/index.php')
CRITICAL - 2023-03-19 07:13:54 --> Undefined constant "App\Filters\redirect"
in APPPATH/Filters/SessionAdmin.php on line 15.
 1 SYSTEMPATH/Filters/Filters.php(173): App\Filters\SessionAdmin->before()
 2 SYSTEMPATH/CodeIgniter.php(473): CodeIgniter\Filters\Filters->run()
 3 SYSTEMPATH/CodeIgniter.php(368): CodeIgniter\CodeIgniter->handleRequest()
 4 FCPATH/index.php(67): CodeIgniter\CodeIgniter->run()
 5 SYSTEMPATH/Commands/Server/rewrite.php(47): require_once('/opt/lampp/htdocs/leonel/public/index.php')
CRITICAL - 2023-03-19 07:13:56 --> Undefined constant "App\Filters\redirect"
in APPPATH/Filters/SessionAdmin.php on line 15.
 1 SYSTEMPATH/Filters/Filters.php(173): App\Filters\SessionAdmin->before()
 2 SYSTEMPATH/CodeIgniter.php(473): CodeIgniter\Filters\Filters->run()
 3 SYSTEMPATH/CodeIgniter.php(368): CodeIgniter\CodeIgniter->handleRequest()
 4 FCPATH/index.php(67): CodeIgniter\CodeIgniter->run()
 5 SYSTEMPATH/Commands/Server/rewrite.php(47): require_once('/opt/lampp/htdocs/leonel/public/index.php')
CRITICAL - 2023-03-19 07:13:58 --> Undefined constant "App\Filters\redirect"
in APPPATH/Filters/SessionAdmin.php on line 15.
 1 SYSTEMPATH/Filters/Filters.php(173): App\Filters\SessionAdmin->before()
 2 SYSTEMPATH/CodeIgniter.php(473): CodeIgniter\Filters\Filters->run()
 3 SYSTEMPATH/CodeIgniter.php(368): CodeIgniter\CodeIgniter->handleRequest()
 4 FCPATH/index.php(67): CodeIgniter\CodeIgniter->run()
 5 SYSTEMPATH/Commands/Server/rewrite.php(47): require_once('/opt/lampp/htdocs/leonel/public/index.php')
CRITICAL - 2023-03-19 07:14:11 --> Undefined constant "App\Filters\redirect"
in APPPATH/Filters/SessionAdmin.php on line 15.
 1 SYSTEMPATH/Filters/Filters.php(173): App\Filters\SessionAdmin->before()
 2 SYSTEMPATH/CodeIgniter.php(473): CodeIgniter\Filters\Filters->run()
 3 SYSTEMPATH/CodeIgniter.php(368): CodeIgniter\CodeIgniter->handleRequest()
 4 FCPATH/index.php(67): CodeIgniter\CodeIgniter->run()
 5 SYSTEMPATH/Commands/Server/rewrite.php(47): require_once('/opt/lampp/htdocs/leonel/public/index.php')
CRITICAL - 2023-03-19 16:33:49 --> require(nav.php): Failed to open stream: No such file or directory
in APPPATH/Views/login.php on line 13.
 1 APPPATH/Views/login.php(13): CodeIgniter\Debug\Exceptions->errorHandler()
 2 APPPATH/Views/login.php(13): require()
 3 SYSTEMPATH/View/View.php(213): include('/opt/lampp/htdocs/leonel/app/Views/login.php')
 4 SYSTEMPATH/View/View.php(216): CodeIgniter\View\View->CodeIgniter\View\{closure}()
 5 SYSTEMPATH/Common.php(1184): CodeIgniter\View\View->render()
 6 APPPATH/Controllers/LoginController.php(22): view()
 7 SYSTEMPATH/CodeIgniter.php(934): App\Controllers\LoginController->index()
 8 SYSTEMPATH/CodeIgniter.php(499): CodeIgniter\CodeIgniter->runController()
 9 SYSTEMPATH/CodeIgniter.php(368): CodeIgniter\CodeIgniter->handleRequest()
10 FCPATH/index.php(67): CodeIgniter\CodeIgniter->run()
11 SYSTEMPATH/Commands/Server/rewrite.php(47): require_once('/opt/lampp/htdocs/leonel/public/index.php')
CRITICAL - 2023-03-19 16:33:53 --> require(nav.php): Failed to open stream: No such file or directory
in APPPATH/Views/login.php on line 13.
 1 APPPATH/Views/login.php(13): CodeIgniter\Debug\Exceptions->errorHandler()
 2 APPPATH/Views/login.php(13): require()
 3 SYSTEMPATH/View/View.php(213): include('/opt/lampp/htdocs/leonel/app/Views/login.php')
 4 SYSTEMPATH/View/View.php(216): CodeIgniter\View\View->CodeIgniter\View\{closure}()
 5 SYSTEMPATH/Common.php(1184): CodeIgniter\View\View->render()
 6 APPPATH/Controllers/LoginController.php(22): view()
 7 SYSTEMPATH/CodeIgniter.php(934): App\Controllers\LoginController->index()
 8 SYSTEMPATH/CodeIgniter.php(499): CodeIgniter\CodeIgniter->runController()
 9 SYSTEMPATH/CodeIgniter.php(368): CodeIgniter\CodeIgniter->handleRequest()
10 FCPATH/index.php(67): CodeIgniter\CodeIgniter->run()
11 SYSTEMPATH/Commands/Server/rewrite.php(47): require_once('/opt/lampp/htdocs/leonel/public/index.php')
CRITICAL - 2023-03-19 16:37:54 --> include(nav.php): Failed to open stream: No such file or directory
in APPPATH/Views/login.php on line 13.
 1 APPPATH/Views/login.php(13): CodeIgniter\Debug\Exceptions->errorHandler()
 2 APPPATH/Views/login.php(13): include()
 3 SYSTEMPATH/View/View.php(213): include('/opt/lampp/htdocs/leonel/app/Views/login.php')
 4 SYSTEMPATH/View/View.php(216): CodeIgniter\View\View->CodeIgniter\View\{closure}()
 5 SYSTEMPATH/Common.php(1184): CodeIgniter\View\View->render()
 6 APPPATH/Controllers/LoginController.php(22): view()
 7 SYSTEMPATH/CodeIgniter.php(934): App\Controllers\LoginController->index()
 8 SYSTEMPATH/CodeIgniter.php(499): CodeIgniter\CodeIgniter->runController()
 9 SYSTEMPATH/CodeIgniter.php(368): CodeIgniter\CodeIgniter->handleRequest()
10 FCPATH/index.php(67): CodeIgniter\CodeIgniter->run()
11 SYSTEMPATH/Commands/Server/rewrite.php(47): require_once('/opt/lampp/htdocs/leonel/public/index.php')
CRITICAL - 2023-03-19 16:37:55 --> include(nav.php): Failed to open stream: No such file or directory
in APPPATH/Views/login.php on line 13.
 1 APPPATH/Views/login.php(13): CodeIgniter\Debug\Exceptions->errorHandler()
 2 APPPATH/Views/login.php(13): include()
 3 SYSTEMPATH/View/View.php(213): include('/opt/lampp/htdocs/leonel/app/Views/login.php')
 4 SYSTEMPATH/View/View.php(216): CodeIgniter\View\View->CodeIgniter\View\{closure}()
 5 SYSTEMPATH/Common.php(1184): CodeIgniter\View\View->render()
 6 APPPATH/Controllers/LoginController.php(22): view()
 7 SYSTEMPATH/CodeIgniter.php(934): App\Controllers\LoginController->index()
 8 SYSTEMPATH/CodeIgniter.php(499): CodeIgniter\CodeIgniter->runController()
 9 SYSTEMPATH/CodeIgniter.php(368): CodeIgniter\CodeIgniter->handleRequest()
10 FCPATH/index.php(67): CodeIgniter\CodeIgniter->run()
11 SYSTEMPATH/Commands/Server/rewrite.php(47): require_once('/opt/lampp/htdocs/leonel/public/index.php')
CRITICAL - 2023-03-19 16:37:56 --> include(nav.php): Failed to open stream: No such file or directory
in APPPATH/Views/login.php on line 13.
 1 APPPATH/Views/login.php(13): CodeIgniter\Debug\Exceptions->errorHandler()
 2 APPPATH/Views/login.php(13): include()
 3 SYSTEMPATH/View/View.php(213): include('/opt/lampp/htdocs/leonel/app/Views/login.php')
 4 SYSTEMPATH/View/View.php(216): CodeIgniter\View\View->CodeIgniter\View\{closure}()
 5 SYSTEMPATH/Common.php(1184): CodeIgniter\View\View->render()
 6 APPPATH/Controllers/LoginController.php(22): view()
 7 SYSTEMPATH/CodeIgniter.php(934): App\Controllers\LoginController->index()
 8 SYSTEMPATH/CodeIgniter.php(499): CodeIgniter\CodeIgniter->runController()
 9 SYSTEMPATH/CodeIgniter.php(368): CodeIgniter\CodeIgniter->handleRequest()
10 FCPATH/index.php(67): CodeIgniter\CodeIgniter->run()
11 SYSTEMPATH/Commands/Server/rewrite.php(47): require_once('/opt/lampp/htdocs/leonel/public/index.php')
CRITICAL - 2023-03-19 16:38:45 --> include(./components/nav.php): Failed to open stream: No such file or directory
in APPPATH/Views/login.php on line 13.
 1 APPPATH/Views/login.php(13): CodeIgniter\Debug\Exceptions->errorHandler()
 2 APPPATH/Views/login.php(13): include()
 3 SYSTEMPATH/View/View.php(213): include('/opt/lampp/htdocs/leonel/app/Views/login.php')
 4 SYSTEMPATH/View/View.php(216): CodeIgniter\View\View->CodeIgniter\View\{closure}()
 5 SYSTEMPATH/Common.php(1184): CodeIgniter\View\View->render()
 6 APPPATH/Controllers/LoginController.php(22): view()
 7 SYSTEMPATH/CodeIgniter.php(934): App\Controllers\LoginController->index()
 8 SYSTEMPATH/CodeIgniter.php(499): CodeIgniter\CodeIgniter->runController()
 9 SYSTEMPATH/CodeIgniter.php(368): CodeIgniter\CodeIgniter->handleRequest()
10 FCPATH/index.php(67): CodeIgniter\CodeIgniter->run()
11 SYSTEMPATH/Commands/Server/rewrite.php(47): require_once('/opt/lampp/htdocs/leonel/public/index.php')
CRITICAL - 2023-03-19 16:38:48 --> include(./components/nav.php): Failed to open stream: No such file or directory
in APPPATH/Views/login.php on line 13.
 1 APPPATH/Views/login.php(13): CodeIgniter\Debug\Exceptions->errorHandler()
 2 APPPATH/Views/login.php(13): include()
 3 SYSTEMPATH/View/View.php(213): include('/opt/lampp/htdocs/leonel/app/Views/login.php')
 4 SYSTEMPATH/View/View.php(216): CodeIgniter\View\View->CodeIgniter\View\{closure}()
 5 SYSTEMPATH/Common.php(1184): CodeIgniter\View\View->render()
 6 APPPATH/Controllers/LoginController.php(22): view()
 7 SYSTEMPATH/CodeIgniter.php(934): App\Controllers\LoginController->index()
 8 SYSTEMPATH/CodeIgniter.php(499): CodeIgniter\CodeIgniter->runController()
 9 SYSTEMPATH/CodeIgniter.php(368): CodeIgniter\CodeIgniter->handleRequest()
10 FCPATH/index.php(67): CodeIgniter\CodeIgniter->run()
11 SYSTEMPATH/Commands/Server/rewrite.php(47): require_once('/opt/lampp/htdocs/leonel/public/index.php')
CRITICAL - 2023-03-19 16:38:51 --> include(./components/nav.php): Failed to open stream: No such file or directory
in APPPATH/Views/login.php on line 13.
 1 APPPATH/Views/login.php(13): CodeIgniter\Debug\Exceptions->errorHandler()
 2 APPPATH/Views/login.php(13): include()
 3 SYSTEMPATH/View/View.php(213): include('/opt/lampp/htdocs/leonel/app/Views/login.php')
 4 SYSTEMPATH/View/View.php(216): CodeIgniter\View\View->CodeIgniter\View\{closure}()
 5 SYSTEMPATH/Common.php(1184): CodeIgniter\View\View->render()
 6 APPPATH/Controllers/LoginController.php(22): view()
 7 SYSTEMPATH/CodeIgniter.php(934): App\Controllers\LoginController->index()
 8 SYSTEMPATH/CodeIgniter.php(499): CodeIgniter\CodeIgniter->runController()
 9 SYSTEMPATH/CodeIgniter.php(368): CodeIgniter\CodeIgniter->handleRequest()
10 FCPATH/index.php(67): CodeIgniter\CodeIgniter->run()
11 SYSTEMPATH/Commands/Server/rewrite.php(47): require_once('/opt/lampp/htdocs/leonel/public/index.php')
CRITICAL - 2023-03-19 16:39:05 --> require(./components/nav.php): Failed to open stream: No such file or directory
in APPPATH/Views/login.php on line 13.
 1 APPPATH/Views/login.php(13): CodeIgniter\Debug\Exceptions->errorHandler()
 2 APPPATH/Views/login.php(13): require()
 3 SYSTEMPATH/View/View.php(213): include('/opt/lampp/htdocs/leonel/app/Views/login.php')
 4 SYSTEMPATH/View/View.php(216): CodeIgniter\View\View->CodeIgniter\View\{closure}()
 5 SYSTEMPATH/Common.php(1184): CodeIgniter\View\View->render()
 6 APPPATH/Controllers/LoginController.php(22): view()
 7 SYSTEMPATH/CodeIgniter.php(934): App\Controllers\LoginController->index()
 8 SYSTEMPATH/CodeIgniter.php(499): CodeIgniter\CodeIgniter->runController()
 9 SYSTEMPATH/CodeIgniter.php(368): CodeIgniter\CodeIgniter->handleRequest()
10 FCPATH/index.php(67): CodeIgniter\CodeIgniter->run()
11 SYSTEMPATH/Commands/Server/rewrite.php(47): require_once('/opt/lampp/htdocs/leonel/public/index.php')
CRITICAL - 2023-03-19 16:45:49 --> require(./components/nav.php): Failed to open stream: No such file or directory
in APPPATH/Views/login.php on line 13.
 1 APPPATH/Views/login.php(13): CodeIgniter\Debug\Exceptions->errorHandler()
 2 APPPATH/Views/login.php(13): require()
 3 SYSTEMPATH/View/View.php(213): include('/opt/lampp/htdocs/leonel/app/Views/login.php')
 4 SYSTEMPATH/View/View.php(216): CodeIgniter\View\View->CodeIgniter\View\{closure}()
 5 SYSTEMPATH/Common.php(1184): CodeIgniter\View\View->render()
 6 APPPATH/Controllers/LoginController.php(22): view()
 7 SYSTEMPATH/CodeIgniter.php(934): App\Controllers\LoginController->index()
 8 SYSTEMPATH/CodeIgniter.php(499): CodeIgniter\CodeIgniter->runController()
 9 SYSTEMPATH/CodeIgniter.php(368): CodeIgniter\CodeIgniter->handleRequest()
10 FCPATH/index.php(67): CodeIgniter\CodeIgniter->run()
11 SYSTEMPATH/Commands/Server/rewrite.php(47): require_once('/opt/lampp/htdocs/leonel/public/index.php')
CRITICAL - 2023-03-19 16:45:52 --> require(./components/nav.php): Failed to open stream: No such file or directory
in APPPATH/Views/login.php on line 13.
 1 APPPATH/Views/login.php(13): CodeIgniter\Debug\Exceptions->errorHandler()
 2 APPPATH/Views/login.php(13): require()
 3 SYSTEMPATH/View/View.php(213): include('/opt/lampp/htdocs/leonel/app/Views/login.php')
 4 SYSTEMPATH/View/View.php(216): CodeIgniter\View\View->CodeIgniter\View\{closure}()
 5 SYSTEMPATH/Common.php(1184): CodeIgniter\View\View->render()
 6 APPPATH/Controllers/LoginController.php(22): view()
 7 SYSTEMPATH/CodeIgniter.php(934): App\Controllers\LoginController->index()
 8 SYSTEMPATH/CodeIgniter.php(499): CodeIgniter\CodeIgniter->runController()
 9 SYSTEMPATH/CodeIgniter.php(368): CodeIgniter\CodeIgniter->handleRequest()
10 FCPATH/index.php(67): CodeIgniter\CodeIgniter->run()
11 SYSTEMPATH/Commands/Server/rewrite.php(47): require_once('/opt/lampp/htdocs/leonel/public/index.php')
INFO - 2023-03-19 16:47:09 --> Session: Class initialized using 'CodeIgniter\Session\Handlers\FileHandler' driver.
CRITICAL - 2023-03-19 16:47:09 --> require(./components/nav.php): Failed to open stream: No such file or directory
in APPPATH/Views/login.php on line 13.
 1 APPPATH/Views/login.php(13): CodeIgniter\Debug\Exceptions->errorHandler()
 2 APPPATH/Views/login.php(13): require()
 3 SYSTEMPATH/View/View.php(213): include('/opt/lampp/htdocs/leonel/app/Views/login.php')
 4 SYSTEMPATH/View/View.php(216): CodeIgniter\View\View->CodeIgniter\View\{closure}()
 5 SYSTEMPATH/Common.php(1184): CodeIgniter\View\View->render()
 6 APPPATH/Controllers/LoginController.php(22): view()
 7 SYSTEMPATH/CodeIgniter.php(934): App\Controllers\LoginController->index()
 8 SYSTEMPATH/CodeIgniter.php(499): CodeIgniter\CodeIgniter->runController()
 9 SYSTEMPATH/CodeIgniter.php(368): CodeIgniter\CodeIgniter->handleRequest()
10 FCPATH/index.php(67): CodeIgniter\CodeIgniter->run()
11 SYSTEMPATH/Commands/Server/rewrite.php(47): require_once('/opt/lampp/htdocs/leonel/public/index.php')
CRITICAL - 2023-03-19 16:48:06 --> require(nav.php): Failed to open stream: No such file or directory
in APPPATH/Views/login.php on line 13.
 1 APPPATH/Views/login.php(13): CodeIgniter\Debug\Exceptions->errorHandler()
 2 APPPATH/Views/login.php(13): require()
 3 SYSTEMPATH/View/View.php(213): include('/opt/lampp/htdocs/leonel/app/Views/login.php')
 4 SYSTEMPATH/View/View.php(216): CodeIgniter\View\View->CodeIgniter\View\{closure}()
 5 SYSTEMPATH/Common.php(1184): CodeIgniter\View\View->render()
 6 APPPATH/Controllers/LoginController.php(22): view()
 7 SYSTEMPATH/CodeIgniter.php(934): App\Controllers\LoginController->index()
 8 SYSTEMPATH/CodeIgniter.php(499): CodeIgniter\CodeIgniter->runController()
 9 SYSTEMPATH/CodeIgniter.php(368): CodeIgniter\CodeIgniter->handleRequest()
10 FCPATH/index.php(67): CodeIgniter\CodeIgniter->run()
11 SYSTEMPATH/Commands/Server/rewrite.php(47): require_once('/opt/lampp/htdocs/leonel/public/index.php')
CRITICAL - 2023-03-19 16:48:35 --> require(./components/nav.php): Failed to open stream: No such file or directory
in APPPATH/Views/login.php on line 13.
 1 APPPATH/Views/login.php(13): CodeIgniter\Debug\Exceptions->errorHandler()
 2 APPPATH/Views/login.php(13): require()
 3 SYSTEMPATH/View/View.php(213): include('/opt/lampp/htdocs/leonel/app/Views/login.php')
 4 SYSTEMPATH/View/View.php(216): CodeIgniter\View\View->CodeIgniter\View\{closure}()
 5 SYSTEMPATH/Common.php(1184): CodeIgniter\View\View->render()
 6 APPPATH/Controllers/LoginController.php(22): view()
 7 SYSTEMPATH/CodeIgniter.php(934): App\Controllers\LoginController->index()
 8 SYSTEMPATH/CodeIgniter.php(499): CodeIgniter\CodeIgniter->runController()
 9 SYSTEMPATH/CodeIgniter.php(368): CodeIgniter\CodeIgniter->handleRequest()
10 FCPATH/index.php(67): CodeIgniter\CodeIgniter->run()
11 SYSTEMPATH/Commands/Server/rewrite.php(47): require_once('/opt/lampp/htdocs/leonel/public/index.php')
CRITICAL - 2023-03-19 16:49:02 --> require(./components/nav.php): Failed to open stream: No such file or directory
in APPPATH/Views/login.php on line 13.
 1 APPPATH/Views/login.php(13): CodeIgniter\Debug\Exceptions->errorHandler()
 2 APPPATH/Views/login.php(13): require()
 3 SYSTEMPATH/View/View.php(213): include('/opt/lampp/htdocs/leonel/app/Views/login.php')
 4 SYSTEMPATH/View/View.php(216): CodeIgniter\View\View->CodeIgniter\View\{closure}()
 5 SYSTEMPATH/Common.php(1184): CodeIgniter\View\View->render()
 6 APPPATH/Controllers/LoginController.php(22): view()
 7 SYSTEMPATH/CodeIgniter.php(934): App\Controllers\LoginController->index()
 8 SYSTEMPATH/CodeIgniter.php(499): CodeIgniter\CodeIgniter->runController()
 9 SYSTEMPATH/CodeIgniter.php(368): CodeIgniter\CodeIgniter->handleRequest()
10 FCPATH/index.php(67): CodeIgniter\CodeIgniter->run()
11 SYSTEMPATH/Commands/Server/rewrite.php(47): require_once('/opt/lampp/htdocs/leonel/public/index.php')
CRITICAL - 2023-03-19 16:50:18 --> require(./components/nav.php): Failed to open stream: No such file or directory
in APPPATH/Views/login.php on line 13.
 1 APPPATH/Views/login.php(13): CodeIgniter\Debug\Exceptions->errorHandler()
 2 APPPATH/Views/login.php(13): require()
 3 SYSTEMPATH/View/View.php(213): include('/opt/lampp/htdocs/leonel/app/Views/login.php')
 4 SYSTEMPATH/View/View.php(216): CodeIgniter\View\View->CodeIgniter\View\{closure}()
 5 SYSTEMPATH/Common.php(1184): CodeIgniter\View\View->render()
 6 APPPATH/Controllers/LoginController.php(22): view()
 7 SYSTEMPATH/CodeIgniter.php(934): App\Controllers\LoginController->index()
 8 SYSTEMPATH/CodeIgniter.php(499): CodeIgniter\CodeIgniter->runController()
 9 SYSTEMPATH/CodeIgniter.php(368): CodeIgniter\CodeIgniter->handleRequest()
10 FCPATH/index.php(67): CodeIgniter\CodeIgniter->run()
11 SYSTEMPATH/Commands/Server/rewrite.php(47): require_once('/opt/lampp/htdocs/leonel/public/index.php')
CRITICAL - 2023-03-19 16:50:19 --> require(./components/nav.php): Failed to open stream: No such file or directory
in APPPATH/Views/login.php on line 13.
 1 APPPATH/Views/login.php(13): CodeIgniter\Debug\Exceptions->errorHandler()
 2 APPPATH/Views/login.php(13): require()
 3 SYSTEMPATH/View/View.php(213): include('/opt/lampp/htdocs/leonel/app/Views/login.php')
 4 SYSTEMPATH/View/View.php(216): CodeIgniter\View\View->CodeIgniter\View\{closure}()
 5 SYSTEMPATH/Common.php(1184): CodeIgniter\View\View->render()
 6 APPPATH/Controllers/LoginController.php(22): view()
 7 SYSTEMPATH/CodeIgniter.php(934): App\Controllers\LoginController->index()
 8 SYSTEMPATH/CodeIgniter.php(499): CodeIgniter\CodeIgniter->runController()
 9 SYSTEMPATH/CodeIgniter.php(368): CodeIgniter\CodeIgniter->handleRequest()
10 FCPATH/index.php(67): CodeIgniter\CodeIgniter->run()
11 SYSTEMPATH/Commands/Server/rewrite.php(47): require_once('/opt/lampp/htdocs/leonel/public/index.php')
CRITICAL - 2023-03-19 16:50:32 --> require(./components/nav.php): Failed to open stream: No such file or directory
in APPPATH/Views/login.php on line 13.
 1 APPPATH/Views/login.php(13): CodeIgniter\Debug\Exceptions->errorHandler()
 2 APPPATH/Views/login.php(13): require()
 3 SYSTEMPATH/View/View.php(213): include('/opt/lampp/htdocs/leonel/app/Views/login.php')
 4 SYSTEMPATH/View/View.php(216): CodeIgniter\View\View->CodeIgniter\View\{closure}()
 5 SYSTEMPATH/Common.php(1184): CodeIgniter\View\View->render()
 6 APPPATH/Controllers/LoginController.php(22): view()
 7 SYSTEMPATH/CodeIgniter.php(934): App\Controllers\LoginController->index()
 8 SYSTEMPATH/CodeIgniter.php(499): CodeIgniter\CodeIgniter->runController()
 9 SYSTEMPATH/CodeIgniter.php(368): CodeIgniter\CodeIgniter->handleRequest()
10 FCPATH/index.php(67): CodeIgniter\CodeIgniter->run()
11 SYSTEMPATH/Commands/Server/rewrite.php(47): require_once('/opt/lampp/htdocs/leonel/public/index.php')
CRITICAL - 2023-03-19 16:51:15 --> require(./components/nav.php): Failed to open stream: No such file or directory
in APPPATH/Views/login.php on line 13.
 1 APPPATH/Views/login.php(13): CodeIgniter\Debug\Exceptions->errorHandler()
 2 APPPATH/Views/login.php(13): require()
 3 SYSTEMPATH/View/View.php(213): include('/opt/lampp/htdocs/leonel/app/Views/login.php')
 4 SYSTEMPATH/View/View.php(216): CodeIgniter\View\View->CodeIgniter\View\{closure}()
 5 SYSTEMPATH/Common.php(1184): CodeIgniter\View\View->render()
 6 APPPATH/Controllers/LoginController.php(22): view()
 7 SYSTEMPATH/CodeIgniter.php(934): App\Controllers\LoginController->index()
 8 SYSTEMPATH/CodeIgniter.php(499): CodeIgniter\CodeIgniter->runController()
 9 SYSTEMPATH/CodeIgniter.php(368): CodeIgniter\CodeIgniter->handleRequest()
10 FCPATH/index.php(67): CodeIgniter\CodeIgniter->run()
11 SYSTEMPATH/Commands/Server/rewrite.php(47): require_once('/opt/lampp/htdocs/leonel/public/index.php')
CRITICAL - 2023-03-19 16:51:32 --> require(./components/nav.php): Failed to open stream: No such file or directory
in APPPATH/Views/login.php on line 13.
 1 APPPATH/Views/login.php(13): CodeIgniter\Debug\Exceptions->errorHandler()
 2 APPPATH/Views/login.php(13): require()
 3 SYSTEMPATH/View/View.php(213): include('/opt/lampp/htdocs/leonel/app/Views/login.php')
 4 SYSTEMPATH/View/View.php(216): CodeIgniter\View\View->CodeIgniter\View\{closure}()
 5 SYSTEMPATH/Common.php(1184): CodeIgniter\View\View->render()
 6 APPPATH/Controllers/LoginController.php(22): view()
 7 SYSTEMPATH/CodeIgniter.php(934): App\Controllers\LoginController->index()
 8 SYSTEMPATH/CodeIgniter.php(499): CodeIgniter\CodeIgniter->runController()
 9 SYSTEMPATH/CodeIgniter.php(368): CodeIgniter\CodeIgniter->handleRequest()
10 FCPATH/index.php(67): CodeIgniter\CodeIgniter->run()
11 SYSTEMPATH/Commands/Server/rewrite.php(47): require_once('/opt/lampp/htdocs/leonel/public/index.php')
CRITICAL - 2023-03-19 16:52:32 --> Invalid file: "login.php"
in SYSTEMPATH/Exceptions/FrameworkException.php on line 33.
 1 SYSTEMPATH/View/View.php(201): CodeIgniter\Exceptions\FrameworkException::forInvalidFile()
 2 SYSTEMPATH/Common.php(1184): CodeIgniter\View\View->render()
 3 APPPATH/Controllers/LoginController.php(22): view()
 4 SYSTEMPATH/CodeIgniter.php(934): App\Controllers\LoginController->index()
 5 SYSTEMPATH/CodeIgniter.php(499): CodeIgniter\CodeIgniter->runController()
 6 SYSTEMPATH/CodeIgniter.php(368): CodeIgniter\CodeIgniter->handleRequest()
 7 FCPATH/index.php(67): CodeIgniter\CodeIgniter->run()
 8 SYSTEMPATH/Commands/Server/rewrite.php(47): require_once('/opt/lampp/htdocs/leonel/public/index.php')
CRITICAL - 2023-03-19 16:52:48 --> Invalid file: "login.php"
in SYSTEMPATH/Exceptions/FrameworkException.php on line 33.
 1 SYSTEMPATH/View/View.php(201): CodeIgniter\Exceptions\FrameworkException::forInvalidFile()
 2 SYSTEMPATH/Common.php(1184): CodeIgniter\View\View->render()
 3 APPPATH/Controllers/LoginController.php(22): view()
 4 SYSTEMPATH/CodeIgniter.php(934): App\Controllers\LoginController->index()
 5 SYSTEMPATH/CodeIgniter.php(499): CodeIgniter\CodeIgniter->runController()
 6 SYSTEMPATH/CodeIgniter.php(368): CodeIgniter\CodeIgniter->handleRequest()
 7 FCPATH/index.php(67): CodeIgniter\CodeIgniter->run()
 8 SYSTEMPATH/Commands/Server/rewrite.php(47): require_once('/opt/lampp/htdocs/leonel/public/index.php')
CRITICAL - 2023-03-19 16:53:28 --> require(../components/boton.php): Failed to open stream: No such file or directory
in APPPATH/Views/login.php on line 13.
 1 APPPATH/Views/login.php(13): CodeIgniter\Debug\Exceptions->errorHandler()
 2 APPPATH/Views/login.php(13): require()
 3 SYSTEMPATH/View/View.php(213): include('/opt/lampp/htdocs/leonel/app/Views/login.php')
 4 SYSTEMPATH/View/View.php(216): CodeIgniter\View\View->CodeIgniter\View\{closure}()
 5 SYSTEMPATH/Common.php(1184): CodeIgniter\View\View->render()
 6 APPPATH/Controllers/LoginController.php(22): view()
 7 SYSTEMPATH/CodeIgniter.php(934): App\Controllers\LoginController->index()
 8 SYSTEMPATH/CodeIgniter.php(499): CodeIgniter\CodeIgniter->runController()
 9 SYSTEMPATH/CodeIgniter.php(368): CodeIgniter\CodeIgniter->handleRequest()
10 FCPATH/index.php(67): CodeIgniter\CodeIgniter->run()
11 SYSTEMPATH/Commands/Server/rewrite.php(47): require_once('/opt/lampp/htdocs/leonel/public/index.php')
CRITICAL - 2023-03-19 16:53:30 --> require(../components/boton.php): Failed to open stream: No such file or directory
in APPPATH/Views/login.php on line 13.
 1 APPPATH/Views/login.php(13): CodeIgniter\Debug\Exceptions->errorHandler()
 2 APPPATH/Views/login.php(13): require()
 3 SYSTEMPATH/View/View.php(213): include('/opt/lampp/htdocs/leonel/app/Views/login.php')
 4 SYSTEMPATH/View/View.php(216): CodeIgniter\View\View->CodeIgniter\View\{closure}()
 5 SYSTEMPATH/Common.php(1184): CodeIgniter\View\View->render()
 6 APPPATH/Controllers/LoginController.php(22): view()
 7 SYSTEMPATH/CodeIgniter.php(934): App\Controllers\LoginController->index()
 8 SYSTEMPATH/CodeIgniter.php(499): CodeIgniter\CodeIgniter->runController()
 9 SYSTEMPATH/CodeIgniter.php(368): CodeIgniter\CodeIgniter->handleRequest()
10 FCPATH/index.php(67): CodeIgniter\CodeIgniter->run()
11 SYSTEMPATH/Commands/Server/rewrite.php(47): require_once('/opt/lampp/htdocs/leonel/public/index.php')
